[INFO ] 2024-04-02 00:14:45.128 [main] LoggerLoad - ***************** Admin has logged in Successfully***************
[ERROR] 2024-04-02 00:14:45.190 [main] PackageRelationshipCollection - Cannot convert mailto:March24-ApI-NinjaTesters-@#$%^QA01-01 in a valid relationship URI-> dummy-URI used
java.net.URISyntaxException: Malformed escape pair at index 35: mailto:March24-ApI-NinjaTesters-@#$%^QA01-01
	at java.base/java.net.URI$Parser.fail(URI.java:2974) ~[?:?]
	at java.base/java.net.URI$Parser.scanEscape(URI.java:3102) ~[?:?]
	at java.base/java.net.URI$Parser.scan(URI.java:3125) ~[?:?]
	at java.base/java.net.URI$Parser.checkChars(URI.java:3143) ~[?:?]
	at java.base/java.net.URI$Parser.parse(URI.java:3189) ~[?:?]
	at java.base/java.net.URI.<init>(URI.java:623) ~[?:?]
	at org.apache.poi.openxml4j.opc.PackagingURIHelper.toURI(PackagingURIHelper.java:723) ~[poi-ooxml-5.2.3.jar:5.2.3]
	at org.apache.poi.openxml4j.opc.PackageRelationshipCollection.parseRelationshipsPart(PackageRelationshipCollection.java:358) ~[poi-ooxml-5.2.3.jar:5.2.3]
	at org.apache.poi.openxml4j.opc.PackageRelationshipCollection.<init>(PackageRelationshipCollection.java:160) ~[poi-ooxml-5.2.3.jar:5.2.3]
	at org.apache.poi.openxml4j.opc.PackageRelationshipCollection.<init>(PackageRelationshipCollection.java:130) ~[poi-ooxml-5.2.3.jar:5.2.3]
	at org.apache.poi.openxml4j.opc.PackagePart.loadRelationships(PackagePart.java:565) ~[poi-ooxml-5.2.3.jar:5.2.3]
	at org.apache.poi.openxml4j.opc.OPCPackage.getParts(OPCPackage.java:751) ~[poi-ooxml-5.2.3.jar:5.2.3]
	at org.apache.poi.openxml4j.opc.OPCPackage.open(OPCPackage.java:322) ~[poi-ooxml-5.2.3.jar:5.2.3]
	at org.apache.poi.xssf.usermodel.XSSFWorkbookFactory.create(XSSFWorkbookFactory.java:97) ~[poi-ooxml-5.2.3.jar:5.2.3]
	at org.apache.poi.xssf.usermodel.XSSFWorkbookFactory.create(XSSFWorkbookFactory.java:36) ~[poi-ooxml-5.2.3.jar:5.2.3]
	at org.apache.poi.ss.usermodel.WorkbookFactory.lambda$create$2(WorkbookFactory.java:224) ~[poi-5.2.3.jar:5.2.3]
	at org.apache.poi.ss.usermodel.WorkbookFactory.wp(WorkbookFactory.java:329) ~[poi-5.2.3.jar:5.2.3]
	at org.apache.poi.ss.usermodel.WorkbookFactory.create(WorkbookFactory.java:224) ~[poi-5.2.3.jar:5.2.3]
	at org.apache.poi.ss.usermodel.WorkbookFactory.create(WorkbookFactory.java:185) ~[poi-5.2.3.jar:5.2.3]
	at lms.utilities.ExcelReader.readTestDataFromExcel(ExcelReader.java:18) ~[test-classes/:?]
	at lms.actions.ProgramActions.getPostProgramRequestsDDNegative(ProgramActions.java:136) ~[test-classes/:?]
	at lms.stepDefinitions.ProgramNegativeDD_SD.authorized_admin_sets_post_Program_request_with_valid_url_valid_endpoint_invalid_request_body(ProgramNegativeDD_SD.java:49) ~[test-classes/:?]
	at java.base/jdk.internal.reflect.NativeMethodAccessorImpl.invoke0(Native Method) ~[?:?]
	at java.base/jdk.internal.reflect.NativeMethodAccessorImpl.invoke(NativeMethodAccessorImpl.java:77) ~[?:?]
	at java.base/jdk.internal.reflect.DelegatingMethodAccessorImpl.invoke(DelegatingMethodAccessorImpl.java:43) ~[?:?]
	at java.base/java.lang.reflect.Method.invoke(Method.java:568) ~[?:?]
	at io.cucumber.java.Invoker.doInvoke(Invoker.java:66) ~[cucumber-java-7.15.0.jar:7.15.0]
	at io.cucumber.java.Invoker.invoke(Invoker.java:24) ~[cucumber-java-7.15.0.jar:7.15.0]
	at io.cucumber.java.AbstractGlueDefinition.invokeMethod(AbstractGlueDefinition.java:47) ~[cucumber-java-7.15.0.jar:7.15.0]
	at io.cucumber.java.JavaStepDefinition.execute(JavaStepDefinition.java:29) ~[cucumber-java-7.15.0.jar:7.15.0]
	at io.cucumber.core.runner.CoreStepDefinition.execute(CoreStepDefinition.java:66) ~[cucumber-core-7.15.0.jar:7.15.0]
	at io.cucumber.core.runner.PickleStepDefinitionMatch.runStep(PickleStepDefinitionMatch.java:63) ~[cucumber-core-7.15.0.jar:7.15.0]
	at io.cucumber.core.runner.ExecutionMode$1.execute(ExecutionMode.java:10) ~[cucumber-core-7.15.0.jar:7.15.0]
	at io.cucumber.core.runner.TestStep.executeStep(TestStep.java:84) ~[cucumber-core-7.15.0.jar:7.15.0]
	at io.cucumber.core.runner.TestStep.run(TestStep.java:56) ~[cucumber-core-7.15.0.jar:7.15.0]
	at io.cucumber.core.runner.PickleStepTestStep.run(PickleStepTestStep.java:51) ~[cucumber-core-7.15.0.jar:7.15.0]
	at io.cucumber.core.runner.TestCase.run(TestCase.java:84) ~[cucumber-core-7.15.0.jar:7.15.0]
	at io.cucumber.core.runner.Runner.runPickle(Runner.java:75) ~[cucumber-core-7.15.0.jar:7.15.0]
	at io.cucumber.core.runtime.Runtime.lambda$executePickle$6(Runtime.java:107) ~[cucumber-core-7.15.0.jar:7.15.0]
	at io.cucumber.core.runtime.CucumberExecutionContext.lambda$runTestCase$5(CucumberExecutionContext.java:137) ~[cucumber-core-7.15.0.jar:7.15.0]
	at io.cucumber.core.runtime.RethrowingThrowableCollector.executeAndThrow(RethrowingThrowableCollector.java:23) ~[cucumber-core-7.15.0.jar:7.15.0]
	at io.cucumber.core.runtime.CucumberExecutionContext.runTestCase(CucumberExecutionContext.java:137) ~[cucumber-core-7.15.0.jar:7.15.0]
	at io.cucumber.core.runtime.Runtime.lambda$executePickle$7(Runtime.java:107) ~[cucumber-core-7.15.0.jar:7.15.0]
	at java.base/java.util.concurrent.Executors$RunnableAdapter.call(Executors.java:539) ~[?:?]
	at java.base/java.util.concurrent.FutureTask.run(FutureTask.java:264) ~[?:?]
	at io.cucumber.core.runtime.Runtime$SameThreadExecutorService.execute(Runtime.java:235) ~[cucumber-core-7.15.0.jar:7.15.0]
	at java.base/java.util.concurrent.AbstractExecutorService.submit(AbstractExecutorService.java:123) ~[?:?]
	at io.cucumber.core.runtime.Runtime.lambda$runFeatures$3(Runtime.java:89) ~[cucumber-core-7.15.0.jar:7.15.0]
	at java.base/java.util.stream.ReferencePipeline$3$1.accept(ReferencePipeline.java:197) ~[?:?]
	at java.base/java.util.stream.SliceOps$1$1.accept(SliceOps.java:200) ~[?:?]
	at java.base/java.util.ArrayList$ArrayListSpliterator.tryAdvance(ArrayList.java:1602) ~[?:?]
	at java.base/java.util.stream.ReferencePipeline.forEachWithCancel(ReferencePipeline.java:129) ~[?:?]
	at java.base/java.util.stream.AbstractPipeline.copyIntoWithCancel(AbstractPipeline.java:527) ~[?:?]
	at java.base/java.util.stream.AbstractPipeline.copyInto(AbstractPipeline.java:513) ~[?:?]
	at java.base/java.util.stream.AbstractPipeline.wrapAndCopyInto(AbstractPipeline.java:499) ~[?:?]
	at java.base/java.util.stream.ReduceOps$ReduceOp.evaluateSequential(ReduceOps.java:921) ~[?:?]
	at java.base/java.util.stream.AbstractPipeline.evaluate(AbstractPipeline.java:234) ~[?:?]
	at java.base/java.util.stream.ReferencePipeline.collect(ReferencePipeline.java:682) ~[?:?]
	at io.cucumber.core.runtime.Runtime.runFeatures(Runtime.java:90) ~[cucumber-core-7.15.0.jar:7.15.0]
	at io.cucumber.core.runtime.Runtime.lambda$run$0(Runtime.java:78) ~[cucumber-core-7.15.0.jar:7.15.0]
	at io.cucumber.core.runtime.CucumberExecutionContext.lambda$runFeatures$6(CucumberExecutionContext.java:148) ~[cucumber-core-7.15.0.jar:7.15.0]
	at io.cucumber.core.runtime.CucumberExecutionContext.execute(CucumberExecutionContext.java:163) [cucumber-core-7.15.0.jar:7.15.0]
	at io.cucumber.core.runtime.CucumberExecutionContext.runFeatures(CucumberExecutionContext.java:146) [cucumber-core-7.15.0.jar:7.15.0]
	at io.cucumber.core.runtime.Runtime.run(Runtime.java:78) [cucumber-core-7.15.0.jar:7.15.0]
	at io.cucumber.core.cli.Main.run(Main.java:87) [cucumber-core-7.15.0.jar:7.15.0]
	at cucumber.api.cli.Main.run(Main.java:30) [cucumber-core-7.15.0.jar:7.15.0]
	at cucumber.api.cli.Main.main(Main.java:15) [cucumber-core-7.15.0.jar:7.15.0]
[INFO ] 2024-04-02 00:14:54.437 [main] LoggerLoad - ***************** Admin has logged in Successfully***************
[ERROR] 2024-04-02 00:14:54.451 [main] PackageRelationshipCollection - Cannot convert mailto:March24-ApI-NinjaTesters-@#$%^QA01-01 in a valid relationship URI-> dummy-URI used
java.net.URISyntaxException: Malformed escape pair at index 35: mailto:March24-ApI-NinjaTesters-@#$%^QA01-01
	at java.base/java.net.URI$Parser.fail(URI.java:2974) ~[?:?]
	at java.base/java.net.URI$Parser.scanEscape(URI.java:3102) ~[?:?]
	at java.base/java.net.URI$Parser.scan(URI.java:3125) ~[?:?]
	at java.base/java.net.URI$Parser.checkChars(URI.java:3143) ~[?:?]
	at java.base/java.net.URI$Parser.parse(URI.java:3189) ~[?:?]
	at java.base/java.net.URI.<init>(URI.java:623) ~[?:?]
	at org.apache.poi.openxml4j.opc.PackagingURIHelper.toURI(PackagingURIHelper.java:723) ~[poi-ooxml-5.2.3.jar:5.2.3]
	at org.apache.poi.openxml4j.opc.PackageRelationshipCollection.parseRelationshipsPart(PackageRelationshipCollection.java:358) ~[poi-ooxml-5.2.3.jar:5.2.3]
	at org.apache.poi.openxml4j.opc.PackageRelationshipCollection.<init>(PackageRelationshipCollection.java:160) ~[poi-ooxml-5.2.3.jar:5.2.3]
	at org.apache.poi.openxml4j.opc.PackageRelationshipCollection.<init>(PackageRelationshipCollection.java:130) ~[poi-ooxml-5.2.3.jar:5.2.3]
	at org.apache.poi.openxml4j.opc.PackagePart.loadRelationships(PackagePart.java:565) ~[poi-ooxml-5.2.3.jar:5.2.3]
	at org.apache.poi.openxml4j.opc.OPCPackage.getParts(OPCPackage.java:751) ~[poi-ooxml-5.2.3.jar:5.2.3]
	at org.apache.poi.openxml4j.opc.OPCPackage.open(OPCPackage.java:322) ~[poi-ooxml-5.2.3.jar:5.2.3]
	at org.apache.poi.xssf.usermodel.XSSFWorkbookFactory.create(XSSFWorkbookFactory.java:97) ~[poi-ooxml-5.2.3.jar:5.2.3]
	at org.apache.poi.xssf.usermodel.XSSFWorkbookFactory.create(XSSFWorkbookFactory.java:36) ~[poi-ooxml-5.2.3.jar:5.2.3]
	at org.apache.poi.ss.usermodel.WorkbookFactory.lambda$create$2(WorkbookFactory.java:224) ~[poi-5.2.3.jar:5.2.3]
	at org.apache.poi.ss.usermodel.WorkbookFactory.wp(WorkbookFactory.java:329) ~[poi-5.2.3.jar:5.2.3]
	at org.apache.poi.ss.usermodel.WorkbookFactory.create(WorkbookFactory.java:224) ~[poi-5.2.3.jar:5.2.3]
	at org.apache.poi.ss.usermodel.WorkbookFactory.create(WorkbookFactory.java:185) ~[poi-5.2.3.jar:5.2.3]
	at lms.utilities.ExcelReader.readTestDataFromExcel(ExcelReader.java:18) ~[test-classes/:?]
	at lms.actions.ProgramActions.getGetProgramResponsesDD(ProgramActions.java:376) ~[test-classes/:?]
	at lms.stepDefinitions.ProgramNegativeDD_SD.admin_sends_get_by_batch_id_request_for_negative_scenarios(ProgramNegativeDD_SD.java:64) ~[test-classes/:?]
	at java.base/jdk.internal.reflect.NativeMethodAccessorImpl.invoke0(Native Method) ~[?:?]
	at java.base/jdk.internal.reflect.NativeMethodAccessorImpl.invoke(NativeMethodAccessorImpl.java:77) ~[?:?]
	at java.base/jdk.internal.reflect.DelegatingMethodAccessorImpl.invoke(DelegatingMethodAccessorImpl.java:43) ~[?:?]
	at java.base/java.lang.reflect.Method.invoke(Method.java:568) ~[?:?]
	at io.cucumber.java.Invoker.doInvoke(Invoker.java:66) ~[cucumber-java-7.15.0.jar:7.15.0]
	at io.cucumber.java.Invoker.invoke(Invoker.java:24) ~[cucumber-java-7.15.0.jar:7.15.0]
	at io.cucumber.java.AbstractGlueDefinition.invokeMethod(AbstractGlueDefinition.java:47) ~[cucumber-java-7.15.0.jar:7.15.0]
	at io.cucumber.java.JavaStepDefinition.execute(JavaStepDefinition.java:29) ~[cucumber-java-7.15.0.jar:7.15.0]
	at io.cucumber.core.runner.CoreStepDefinition.execute(CoreStepDefinition.java:66) ~[cucumber-core-7.15.0.jar:7.15.0]
	at io.cucumber.core.runner.PickleStepDefinitionMatch.runStep(PickleStepDefinitionMatch.java:63) ~[cucumber-core-7.15.0.jar:7.15.0]
	at io.cucumber.core.runner.ExecutionMode$1.execute(ExecutionMode.java:10) ~[cucumber-core-7.15.0.jar:7.15.0]
	at io.cucumber.core.runner.TestStep.executeStep(TestStep.java:84) ~[cucumber-core-7.15.0.jar:7.15.0]
	at io.cucumber.core.runner.TestStep.run(TestStep.java:56) ~[cucumber-core-7.15.0.jar:7.15.0]
	at io.cucumber.core.runner.PickleStepTestStep.run(PickleStepTestStep.java:51) ~[cucumber-core-7.15.0.jar:7.15.0]
	at io.cucumber.core.runner.TestCase.run(TestCase.java:84) ~[cucumber-core-7.15.0.jar:7.15.0]
	at io.cucumber.core.runner.Runner.runPickle(Runner.java:75) ~[cucumber-core-7.15.0.jar:7.15.0]
	at io.cucumber.core.runtime.Runtime.lambda$executePickle$6(Runtime.java:107) ~[cucumber-core-7.15.0.jar:7.15.0]
	at io.cucumber.core.runtime.CucumberExecutionContext.lambda$runTestCase$5(CucumberExecutionContext.java:137) ~[cucumber-core-7.15.0.jar:7.15.0]
	at io.cucumber.core.runtime.RethrowingThrowableCollector.executeAndThrow(RethrowingThrowableCollector.java:23) ~[cucumber-core-7.15.0.jar:7.15.0]
	at io.cucumber.core.runtime.CucumberExecutionContext.runTestCase(CucumberExecutionContext.java:137) ~[cucumber-core-7.15.0.jar:7.15.0]
	at io.cucumber.core.runtime.Runtime.lambda$executePickle$7(Runtime.java:107) ~[cucumber-core-7.15.0.jar:7.15.0]
	at java.base/java.util.concurrent.Executors$RunnableAdapter.call(Executors.java:539) ~[?:?]
	at java.base/java.util.concurrent.FutureTask.run(FutureTask.java:264) ~[?:?]
	at io.cucumber.core.runtime.Runtime$SameThreadExecutorService.execute(Runtime.java:235) ~[cucumber-core-7.15.0.jar:7.15.0]
	at java.base/java.util.concurrent.AbstractExecutorService.submit(AbstractExecutorService.java:123) ~[?:?]
	at io.cucumber.core.runtime.Runtime.lambda$runFeatures$3(Runtime.java:89) ~[cucumber-core-7.15.0.jar:7.15.0]
	at java.base/java.util.stream.ReferencePipeline$3$1.accept(ReferencePipeline.java:197) ~[?:?]
	at java.base/java.util.stream.SliceOps$1$1.accept(SliceOps.java:200) ~[?:?]
	at java.base/java.util.ArrayList$ArrayListSpliterator.tryAdvance(ArrayList.java:1602) ~[?:?]
	at java.base/java.util.stream.ReferencePipeline.forEachWithCancel(ReferencePipeline.java:129) ~[?:?]
	at java.base/java.util.stream.AbstractPipeline.copyIntoWithCancel(AbstractPipeline.java:527) ~[?:?]
	at java.base/java.util.stream.AbstractPipeline.copyInto(AbstractPipeline.java:513) ~[?:?]
	at java.base/java.util.stream.AbstractPipeline.wrapAndCopyInto(AbstractPipeline.java:499) ~[?:?]
	at java.base/java.util.stream.ReduceOps$ReduceOp.evaluateSequential(ReduceOps.java:921) ~[?:?]
	at java.base/java.util.stream.AbstractPipeline.evaluate(AbstractPipeline.java:234) ~[?:?]
	at java.base/java.util.stream.ReferencePipeline.collect(ReferencePipeline.java:682) ~[?:?]
	at io.cucumber.core.runtime.Runtime.runFeatures(Runtime.java:90) ~[cucumber-core-7.15.0.jar:7.15.0]
	at io.cucumber.core.runtime.Runtime.lambda$run$0(Runtime.java:78) ~[cucumber-core-7.15.0.jar:7.15.0]
	at io.cucumber.core.runtime.CucumberExecutionContext.lambda$runFeatures$6(CucumberExecutionContext.java:148) ~[cucumber-core-7.15.0.jar:7.15.0]
	at io.cucumber.core.runtime.CucumberExecutionContext.execute(CucumberExecutionContext.java:163) [cucumber-core-7.15.0.jar:7.15.0]
	at io.cucumber.core.runtime.CucumberExecutionContext.runFeatures(CucumberExecutionContext.java:146) [cucumber-core-7.15.0.jar:7.15.0]
	at io.cucumber.core.runtime.Runtime.run(Runtime.java:78) [cucumber-core-7.15.0.jar:7.15.0]
	at io.cucumber.core.cli.Main.run(Main.java:87) [cucumber-core-7.15.0.jar:7.15.0]
	at cucumber.api.cli.Main.run(Main.java:30) [cucumber-core-7.15.0.jar:7.15.0]
	at cucumber.api.cli.Main.main(Main.java:15) [cucumber-core-7.15.0.jar:7.15.0]
[INFO ] 2024-04-02 00:14:55.051 [main] LoggerLoad - ***************** Admin has logged in Successfully***************
[INFO ] 2024-04-02 00:14:55.051 [main] LoggerLoad - Execution of Delete Batch Scenarios started
[ERROR] 2024-04-02 00:14:55.056 [main] PackageRelationshipCollection - Cannot convert mailto:March24-ApI-NinjaTesters-@#$%^QA01-01 in a valid relationship URI-> dummy-URI used
java.net.URISyntaxException: Malformed escape pair at index 35: mailto:March24-ApI-NinjaTesters-@#$%^QA01-01
	at java.base/java.net.URI$Parser.fail(URI.java:2974) ~[?:?]
	at java.base/java.net.URI$Parser.scanEscape(URI.java:3102) ~[?:?]
	at java.base/java.net.URI$Parser.scan(URI.java:3125) ~[?:?]
	at java.base/java.net.URI$Parser.checkChars(URI.java:3143) ~[?:?]
	at java.base/java.net.URI$Parser.parse(URI.java:3189) ~[?:?]
	at java.base/java.net.URI.<init>(URI.java:623) ~[?:?]
	at org.apache.poi.openxml4j.opc.PackagingURIHelper.toURI(PackagingURIHelper.java:723) ~[poi-ooxml-5.2.3.jar:5.2.3]
	at org.apache.poi.openxml4j.opc.PackageRelationshipCollection.parseRelationshipsPart(PackageRelationshipCollection.java:358) ~[poi-ooxml-5.2.3.jar:5.2.3]
	at org.apache.poi.openxml4j.opc.PackageRelationshipCollection.<init>(PackageRelationshipCollection.java:160) ~[poi-ooxml-5.2.3.jar:5.2.3]
	at org.apache.poi.openxml4j.opc.PackageRelationshipCollection.<init>(PackageRelationshipCollection.java:130) ~[poi-ooxml-5.2.3.jar:5.2.3]
	at org.apache.poi.openxml4j.opc.PackagePart.loadRelationships(PackagePart.java:565) ~[poi-ooxml-5.2.3.jar:5.2.3]
	at org.apache.poi.openxml4j.opc.OPCPackage.getParts(OPCPackage.java:751) ~[poi-ooxml-5.2.3.jar:5.2.3]
	at org.apache.poi.openxml4j.opc.OPCPackage.open(OPCPackage.java:322) ~[poi-ooxml-5.2.3.jar:5.2.3]
	at org.apache.poi.xssf.usermodel.XSSFWorkbookFactory.create(XSSFWorkbookFactory.java:97) ~[poi-ooxml-5.2.3.jar:5.2.3]
	at org.apache.poi.xssf.usermodel.XSSFWorkbookFactory.create(XSSFWorkbookFactory.java:36) ~[poi-ooxml-5.2.3.jar:5.2.3]
	at org.apache.poi.ss.usermodel.WorkbookFactory.lambda$create$2(WorkbookFactory.java:224) ~[poi-5.2.3.jar:5.2.3]
	at org.apache.poi.ss.usermodel.WorkbookFactory.wp(WorkbookFactory.java:329) ~[poi-5.2.3.jar:5.2.3]
	at org.apache.poi.ss.usermodel.WorkbookFactory.create(WorkbookFactory.java:224) ~[poi-5.2.3.jar:5.2.3]
	at org.apache.poi.ss.usermodel.WorkbookFactory.create(WorkbookFactory.java:185) ~[poi-5.2.3.jar:5.2.3]
	at lms.utilities.ExcelReader.readTestDataFromExcel(ExcelReader.java:18) ~[test-classes/:?]
	at lms.actions.ProgramActions.getDeleteProgramResponsesDD(ProgramActions.java:427) ~[test-classes/:?]
	at lms.stepDefinitions.ProgramNegativeDD_SD.admin_sends_delete_program_request_for_negative_scenarios(ProgramNegativeDD_SD.java:100) ~[test-classes/:?]
	at java.base/jdk.internal.reflect.NativeMethodAccessorImpl.invoke0(Native Method) ~[?:?]
	at java.base/jdk.internal.reflect.NativeMethodAccessorImpl.invoke(NativeMethodAccessorImpl.java:77) ~[?:?]
	at java.base/jdk.internal.reflect.DelegatingMethodAccessorImpl.invoke(DelegatingMethodAccessorImpl.java:43) ~[?:?]
	at java.base/java.lang.reflect.Method.invoke(Method.java:568) ~[?:?]
	at io.cucumber.java.Invoker.doInvoke(Invoker.java:66) ~[cucumber-java-7.15.0.jar:7.15.0]
	at io.cucumber.java.Invoker.invoke(Invoker.java:24) ~[cucumber-java-7.15.0.jar:7.15.0]
	at io.cucumber.java.AbstractGlueDefinition.invokeMethod(AbstractGlueDefinition.java:47) ~[cucumber-java-7.15.0.jar:7.15.0]
	at io.cucumber.java.JavaStepDefinition.execute(JavaStepDefinition.java:29) ~[cucumber-java-7.15.0.jar:7.15.0]
	at io.cucumber.core.runner.CoreStepDefinition.execute(CoreStepDefinition.java:66) ~[cucumber-core-7.15.0.jar:7.15.0]
	at io.cucumber.core.runner.PickleStepDefinitionMatch.runStep(PickleStepDefinitionMatch.java:63) ~[cucumber-core-7.15.0.jar:7.15.0]
	at io.cucumber.core.runner.ExecutionMode$1.execute(ExecutionMode.java:10) ~[cucumber-core-7.15.0.jar:7.15.0]
	at io.cucumber.core.runner.TestStep.executeStep(TestStep.java:84) ~[cucumber-core-7.15.0.jar:7.15.0]
	at io.cucumber.core.runner.TestStep.run(TestStep.java:56) ~[cucumber-core-7.15.0.jar:7.15.0]
	at io.cucumber.core.runner.PickleStepTestStep.run(PickleStepTestStep.java:51) ~[cucumber-core-7.15.0.jar:7.15.0]
	at io.cucumber.core.runner.TestCase.run(TestCase.java:84) ~[cucumber-core-7.15.0.jar:7.15.0]
	at io.cucumber.core.runner.Runner.runPickle(Runner.java:75) ~[cucumber-core-7.15.0.jar:7.15.0]
	at io.cucumber.core.runtime.Runtime.lambda$executePickle$6(Runtime.java:107) ~[cucumber-core-7.15.0.jar:7.15.0]
	at io.cucumber.core.runtime.CucumberExecutionContext.lambda$runTestCase$5(CucumberExecutionContext.java:137) ~[cucumber-core-7.15.0.jar:7.15.0]
	at io.cucumber.core.runtime.RethrowingThrowableCollector.executeAndThrow(RethrowingThrowableCollector.java:23) ~[cucumber-core-7.15.0.jar:7.15.0]
	at io.cucumber.core.runtime.CucumberExecutionContext.runTestCase(CucumberExecutionContext.java:137) ~[cucumber-core-7.15.0.jar:7.15.0]
	at io.cucumber.core.runtime.Runtime.lambda$executePickle$7(Runtime.java:107) ~[cucumber-core-7.15.0.jar:7.15.0]
	at java.base/java.util.concurrent.Executors$RunnableAdapter.call(Executors.java:539) ~[?:?]
	at java.base/java.util.concurrent.FutureTask.run(FutureTask.java:264) ~[?:?]
	at io.cucumber.core.runtime.Runtime$SameThreadExecutorService.execute(Runtime.java:235) ~[cucumber-core-7.15.0.jar:7.15.0]
	at java.base/java.util.concurrent.AbstractExecutorService.submit(AbstractExecutorService.java:123) ~[?:?]
	at io.cucumber.core.runtime.Runtime.lambda$runFeatures$3(Runtime.java:89) ~[cucumber-core-7.15.0.jar:7.15.0]
	at java.base/java.util.stream.ReferencePipeline$3$1.accept(ReferencePipeline.java:197) ~[?:?]
	at java.base/java.util.stream.SliceOps$1$1.accept(SliceOps.java:200) ~[?:?]
	at java.base/java.util.ArrayList$ArrayListSpliterator.tryAdvance(ArrayList.java:1602) ~[?:?]
	at java.base/java.util.stream.ReferencePipeline.forEachWithCancel(ReferencePipeline.java:129) ~[?:?]
	at java.base/java.util.stream.AbstractPipeline.copyIntoWithCancel(AbstractPipeline.java:527) ~[?:?]
	at java.base/java.util.stream.AbstractPipeline.copyInto(AbstractPipeline.java:513) ~[?:?]
	at java.base/java.util.stream.AbstractPipeline.wrapAndCopyInto(AbstractPipeline.java:499) ~[?:?]
	at java.base/java.util.stream.ReduceOps$ReduceOp.evaluateSequential(ReduceOps.java:921) ~[?:?]
	at java.base/java.util.stream.AbstractPipeline.evaluate(AbstractPipeline.java:234) ~[?:?]
	at java.base/java.util.stream.ReferencePipeline.collect(ReferencePipeline.java:682) ~[?:?]
	at io.cucumber.core.runtime.Runtime.runFeatures(Runtime.java:90) ~[cucumber-core-7.15.0.jar:7.15.0]
	at io.cucumber.core.runtime.Runtime.lambda$run$0(Runtime.java:78) ~[cucumber-core-7.15.0.jar:7.15.0]
	at io.cucumber.core.runtime.CucumberExecutionContext.lambda$runFeatures$6(CucumberExecutionContext.java:148) ~[cucumber-core-7.15.0.jar:7.15.0]
	at io.cucumber.core.runtime.CucumberExecutionContext.execute(CucumberExecutionContext.java:163) [cucumber-core-7.15.0.jar:7.15.0]
	at io.cucumber.core.runtime.CucumberExecutionContext.runFeatures(CucumberExecutionContext.java:146) [cucumber-core-7.15.0.jar:7.15.0]
	at io.cucumber.core.runtime.Runtime.run(Runtime.java:78) [cucumber-core-7.15.0.jar:7.15.0]
	at io.cucumber.core.cli.Main.run(Main.java:87) [cucumber-core-7.15.0.jar:7.15.0]
	at cucumber.api.cli.Main.run(Main.java:30) [cucumber-core-7.15.0.jar:7.15.0]
	at cucumber.api.cli.Main.main(Main.java:15) [cucumber-core-7.15.0.jar:7.15.0]
[INFO ] 2024-04-02 00:14:59.996 [main] LoggerLoad - ***************** Admin has logged in Successfully***************
[INFO ] 2024-04-02 00:14:59.997 [main] LoggerLoad - Execution of Invalid Url Program Scenarios started
[INFO ] 2024-04-02 00:15:01.050 [main] LoggerLoad - ***************** Admin has logged in Successfully***************
[INFO ] 2024-04-02 00:15:01.051 [main] LoggerLoad - Execution of Invalid Url Program Scenarios started
[INFO ] 2024-04-02 00:15:03.931 [main] LoggerLoad - ***************** Admin has logged in Successfully***************
[INFO ] 2024-04-02 00:15:03.931 [main] LoggerLoad - Execution of Invalid Url Program Scenarios started
[INFO ] 2024-04-02 00:15:04.983 [main] LoggerLoad - ***************** Admin has logged in Successfully***************
[INFO ] 2024-04-02 00:15:04.983 [main] LoggerLoad - Execution of Invalid Url Program Scenarios started
[INFO ] 2024-04-02 00:15:06.034 [main] LoggerLoad - ***************** Admin has logged in Successfully***************
[INFO ] 2024-04-02 00:15:06.035 [main] LoggerLoad - Execution of Invalid Url Program Scenarios started
[INFO ] 2024-04-02 00:15:07.092 [main] LoggerLoad - ***************** Admin has logged in Successfully***************
[INFO ] 2024-04-02 00:15:07.093 [main] LoggerLoad - Execution of Invalid Url Program Scenarios started
[INFO ] 2024-04-02 00:15:08.138 [main] LoggerLoad - ***************** Admin has logged in Successfully***************
[INFO ] 2024-04-02 00:15:08.138 [main] LoggerLoad - Execution of Invalid Url Program Scenarios started
[INFO ] 2024-04-02 00:15:09.137 [main] LoggerLoad - ***************** Admin has logged in Successfully***************
[INFO ] 2024-04-02 00:15:09.137 [main] LoggerLoad - Execution of Invalid Url Program Scenarios started
[INFO ] 2024-04-02 00:15:10.177 [main] LoggerLoad - ***************** Admin has logged in Successfully***************
[INFO ] 2024-04-02 00:15:10.177 [main] LoggerLoad - Execution of Invalid Endpoint Batch Scenarios started
[INFO ] 2024-04-02 00:15:11.204 [main] LoggerLoad - ***************** Admin has logged in Successfully***************
[INFO ] 2024-04-02 00:15:11.204 [main] LoggerLoad - Execution of Invalid Endpoint Batch Scenarios started
[INFO ] 2024-04-02 00:15:12.269 [main] LoggerLoad - ***************** Admin has logged in Successfully***************
[INFO ] 2024-04-02 00:15:12.269 [main] LoggerLoad - Execution of Invalid Endpoint Batch Scenarios started
[INFO ] 2024-04-02 00:15:13.308 [main] LoggerLoad - ***************** Admin has logged in Successfully***************
[INFO ] 2024-04-02 00:15:13.308 [main] LoggerLoad - Execution of Invalid Endpoint Batch Scenarios started
[INFO ] 2024-04-02 00:15:14.354 [main] LoggerLoad - ***************** Admin has logged in Successfully***************
[INFO ] 2024-04-02 00:15:14.355 [main] LoggerLoad - Execution of Invalid Endpoint Batch Scenarios started
[INFO ] 2024-04-02 00:15:15.543 [main] LoggerLoad - ***************** Admin has logged in Successfully***************
[INFO ] 2024-04-02 00:15:15.543 [main] LoggerLoad - Execution of Invalid Endpoint Batch Scenarios started
[INFO ] 2024-04-02 00:15:16.796 [main] LoggerLoad - ***************** Admin has logged in Successfully***************
[INFO ] 2024-04-02 00:15:16.796 [main] LoggerLoad - Execution of Invalid Endpoint Batch Scenarios started
[INFO ] 2024-04-02 00:15:17.856 [main] LoggerLoad - ***************** Admin has logged in Successfully***************
[INFO ] 2024-04-02 00:15:17.856 [main] LoggerLoad - Execution of Invalid Endpoint Batch Scenarios started
[INFO ] 2024-04-02 00:15:18.921 [main] LoggerLoad - ***************** Admin has logged in Successfully***************
[INFO ] 2024-04-02 00:15:18.921 [main] LoggerLoad - Execution of No Auth Batch Scenarios started
[INFO ] 2024-04-02 00:15:19.952 [main] LoggerLoad - ***************** Admin has logged in Successfully***************
[INFO ] 2024-04-02 00:15:19.953 [main] LoggerLoad - Execution of No Auth Batch Scenarios started
[INFO ] 2024-04-02 00:15:21.008 [main] LoggerLoad - ***************** Admin has logged in Successfully***************
[INFO ] 2024-04-02 00:15:21.008 [main] LoggerLoad - Execution of No Auth Batch Scenarios started
[INFO ] 2024-04-02 00:15:22.050 [main] LoggerLoad - ***************** Admin has logged in Successfully***************
[INFO ] 2024-04-02 00:15:22.050 [main] LoggerLoad - Execution of No Auth Batch Scenarios started
[INFO ] 2024-04-02 00:15:23.079 [main] LoggerLoad - ***************** Admin has logged in Successfully***************
[INFO ] 2024-04-02 00:15:23.080 [main] LoggerLoad - Execution of No Auth Batch Scenarios started
[INFO ] 2024-04-02 00:15:24.130 [main] LoggerLoad - ***************** Admin has logged in Successfully***************
[INFO ] 2024-04-02 00:15:24.130 [main] LoggerLoad - Execution of No Auth Batch Scenarios started
[INFO ] 2024-04-02 00:15:25.166 [main] LoggerLoad - ***************** Admin has logged in Successfully***************
[INFO ] 2024-04-02 00:15:25.167 [main] LoggerLoad - Execution of No Auth Batch Scenarios started
[INFO ] 2024-04-02 00:15:26.207 [main] LoggerLoad - ***************** Admin has logged in Successfully***************
[INFO ] 2024-04-02 00:15:26.208 [main] LoggerLoad - Execution of No Auth Batch Scenarios started
