[INFO ] 2024-04-01 12:42:33.573 [main] LoggerLoad - ********Admin Enters valid Username and Passowrd for Authentication*
[INFO ] 2024-04-01 12:42:35.616 [main] LoggerLoad - ***************** Admin has logged in Successfully*
[INFO ] 2024-04-01 12:42:35.618 [main] LoggerLoad - ******************Execution of Post Program Scenarios started
[INFO ] 2024-04-01 12:42:36.479 [main] LoggerLoad - Created Program Id is: 17247
[INFO ] 2024-04-01 12:42:36.479 [main] LoggerLoad - Created Program Name is: March24-ApINinjas-QA-114
[INFO ] 2024-04-01 12:42:36.541 [main] LoggerLoad - ********Admin Enters valid Username and Passowrd for Authentication*
[INFO ] 2024-04-01 12:42:37.025 [main] LoggerLoad - ***************** Admin has logged in Successfully*
[INFO ] 2024-04-01 12:42:37.027 [main] LoggerLoad - ******************Execution of Get all Programs Scenarios started
[INFO ] 2024-04-01 12:42:37.446 [main] LoggerLoad - ********Admin Enters valid Username and Passowrd for Authentication*
[INFO ] 2024-04-01 12:42:37.921 [main] LoggerLoad - ***************** Admin has logged in Successfully*
[INFO ] 2024-04-01 12:42:37.923 [main] LoggerLoad - ******************Execution of Get by ProgramID Scenarios started
[INFO ] 2024-04-01 12:42:38.327 [main] LoggerLoad - ********Admin Enters valid Username and Passowrd for Authentication*
[INFO ] 2024-04-01 12:42:38.809 [main] LoggerLoad - ***************** Admin has logged in Successfully*
[INFO ] 2024-04-01 12:42:38.811 [main] LoggerLoad - ******************Execution of Get Program with User Scenarios started
[INFO ] 2024-04-01 12:42:39.312 [main] LoggerLoad - ********Admin Enters valid Username and Passowrd for Authentication*
[INFO ] 2024-04-01 12:42:39.780 [main] LoggerLoad - ***************** Admin has logged in Successfully*
[INFO ] 2024-04-01 12:42:39.782 [main] LoggerLoad - ******************Execution of Update by Program ID Scenarios started
[INFO ] 2024-04-01 12:42:39.850 [main] LoggerLoad - Program ID that is being Updated is: 17247
[INFO ] 2024-04-01 12:42:40.268 [main] LoggerLoad - Created Program Id is: 17247
[INFO ] 2024-04-01 12:42:40.268 [main] LoggerLoad - Created Program Name is: March24-ApINinjas-QA-115
[INFO ] 2024-04-01 12:42:40.284 [main] LoggerLoad - ********Admin Enters valid Username and Passowrd for Authentication*
[INFO ] 2024-04-01 12:42:40.748 [main] LoggerLoad - ***************** Admin has logged in Successfully*
[INFO ] 2024-04-01 12:42:40.750 [main] LoggerLoad - ******************Execution of Update by Program Name Scenarios started
[INFO ] 2024-04-01 12:42:40.789 [main] LoggerLoad - Program Name that is being Updated is: March24-ApINinjas-QA-115
[INFO ] 2024-04-01 12:42:41.173 [main] LoggerLoad - Created Program Id is: 17247
[INFO ] 2024-04-01 12:42:41.173 [main] LoggerLoad - Created Program Name is: March24-ApINinjas-QA-116
[INFO ] 2024-04-01 12:42:41.193 [main] LoggerLoad - ********Admin Enters valid Username and Passowrd for Authentication*
[INFO ] 2024-04-01 12:42:41.664 [main] LoggerLoad - ***************** Admin has logged in Successfully*
[INFO ] 2024-04-01 12:42:41.664 [main] LoggerLoad - ******************Execution of Post Batch Scenarios started
[INFO ] 2024-04-01 12:42:42.107 [main] LoggerLoad - Created Batch Id is: 9552
[INFO ] 2024-04-01 12:42:42.107 [main] LoggerLoad - Created Batch Name is: March24-ApINinjas-QA-QA1-104
[INFO ] 2024-04-01 12:42:42.107 [main] LoggerLoad - This Batch is created under the Program ID: 17247
[INFO ] 2024-04-01 12:42:42.130 [main] LoggerLoad - ********Admin Enters valid Username and Passowrd for Authentication*
[INFO ] 2024-04-01 12:42:42.597 [main] LoggerLoad - ***************** Admin has logged in Successfully*
[INFO ] 2024-04-01 12:42:42.598 [main] LoggerLoad - ******************Execution of Get Batches Scenarios started
[INFO ] 2024-04-01 12:42:43.141 [main] LoggerLoad - ********Admin Enters valid Username and Passowrd for Authentication*
[INFO ] 2024-04-01 12:42:43.610 [main] LoggerLoad - ***************** Admin has logged in Successfully*
[INFO ] 2024-04-01 12:42:43.611 [main] LoggerLoad - ******************Execution of Get Batches Scenarios started
[INFO ] 2024-04-01 12:42:44.188 [main] LoggerLoad - ********Admin Enters valid Username and Passowrd for Authentication*
[INFO ] 2024-04-01 12:42:44.652 [main] LoggerLoad - ***************** Admin has logged in Successfully*
[INFO ] 2024-04-01 12:42:44.653 [main] LoggerLoad - ******************Execution of Get by BatchID Scenario started
[INFO ] 2024-04-01 12:42:45.045 [main] LoggerLoad - ********Admin Enters valid Username and Passowrd for Authentication*
[INFO ] 2024-04-01 12:42:45.488 [main] LoggerLoad - ***************** Admin has logged in Successfully*
[INFO ] 2024-04-01 12:42:45.490 [main] LoggerLoad - ******************Execution of Get by ProgramID Scenario started
[INFO ] 2024-04-01 12:42:45.871 [main] LoggerLoad - ********Admin Enters valid Username and Passowrd for Authentication*
[INFO ] 2024-04-01 12:42:46.337 [main] LoggerLoad - ***************** Admin has logged in Successfully*
[INFO ] 2024-04-01 12:42:46.339 [main] LoggerLoad - ******************Execution of Get by Batch Name Scenario started
[INFO ] 2024-04-01 12:42:46.732 [main] LoggerLoad - ********Admin Enters valid Username and Passowrd for Authentication*
[INFO ] 2024-04-01 12:42:47.193 [main] LoggerLoad - ***************** Admin has logged in Successfully*
[INFO ] 2024-04-01 12:42:47.194 [main] LoggerLoad - ******************Execution of Update Batch Scenario started
[INFO ] 2024-04-01 12:42:47.236 [main] LoggerLoad - Batch ID that is being Updated is: 9552
[INFO ] 2024-04-01 12:42:47.605 [main] LoggerLoad - ********Admin Enters valid Username and Passowrd for Authentication*
[INFO ] 2024-04-01 12:42:48.052 [main] LoggerLoad - ***************** Admin has logged in Successfully*
[INFO ] 2024-04-01 12:42:48.815 [main] LoggerLoad - ********Admin Enters valid Username and Passowrd for Authentication*
[INFO ] 2024-04-01 12:42:49.273 [main] LoggerLoad - ***************** Admin has logged in Successfully*
[INFO ] 2024-04-01 12:42:49.705 [main] LoggerLoad - ********Admin Enters valid Username and Passowrd for Authentication*
[INFO ] 2024-04-01 12:42:50.163 [main] LoggerLoad - ***************** Admin has logged in Successfully*
[INFO ] 2024-04-01 12:42:50.164 [main] LoggerLoad - Execution of Valid PUT for PrgmBatchStatus Scenarios started
[INFO ] 2024-04-01 12:42:50.633 [main] LoggerLoad - ********Admin Enters valid Username and Passowrd for Authentication*
[INFO ] 2024-04-01 12:42:51.105 [main] LoggerLoad - ***************** Admin has logged in Successfully*
[INFO ] 2024-04-01 12:42:51.107 [main] LoggerLoad - Execution of Valid GetALL for PrgmBatchStatus Scenarios started
[INFO ] 2024-04-01 12:42:51.620 [main] LoggerLoad - ********Admin Enters valid Username and Passowrd for Authentication*
[INFO ] 2024-04-01 12:42:52.067 [main] LoggerLoad - ***************** Admin has logged in Successfully*
[INFO ] 2024-04-01 12:42:52.067 [main] LoggerLoad - Execution of Valid Get by UserID for PrgmBatchStatus Scenarios started
[INFO ] 2024-04-01 12:42:52.468 [main] LoggerLoad - ********Admin Enters valid Username and Passowrd for Authentication*
[INFO ] 2024-04-01 12:42:52.934 [main] LoggerLoad - ***************** Admin has logged in Successfully*
[INFO ] 2024-04-01 12:42:53.352 [main] LoggerLoad - ********Admin Enters valid Username and Passowrd for Authentication*
[INFO ] 2024-04-01 12:42:53.810 [main] LoggerLoad - ***************** Admin has logged in Successfully*
[INFO ] 2024-04-01 12:42:54.709 [main] LoggerLoad - ********Admin Enters valid Username and Passowrd for Authentication*
[INFO ] 2024-04-01 12:42:55.164 [main] LoggerLoad - ***************** Admin has logged in Successfully*
[INFO ] 2024-04-01 12:42:55.532 [main] LoggerLoad - ********Admin Enters valid Username and Passowrd for Authentication*
[INFO ] 2024-04-01 12:42:55.980 [main] LoggerLoad - ***************** Admin has logged in Successfully*
[INFO ] 2024-04-01 12:42:56.396 [main] LoggerLoad - ********Admin Enters valid Username and Passowrd for Authentication*
[INFO ] 2024-04-01 12:42:56.855 [main] LoggerLoad - ***************** Admin has logged in Successfully*
[INFO ] 2024-04-01 12:42:56.856 [main] LoggerLoad - ******************Execution of Get User Scenarios started
[INFO ] 2024-04-01 12:42:57.246 [main] LoggerLoad - ********Admin Enters valid Username and Passowrd for Authentication*
[INFO ] 2024-04-01 12:42:57.710 [main] LoggerLoad - ***************** Admin has logged in Successfully*
[INFO ] 2024-04-01 12:42:57.710 [main] LoggerLoad - ******************Execution of Get User Scenarios started
[INFO ] 2024-04-01 12:42:58.093 [main] LoggerLoad - ********Admin Enters valid Username and Passowrd for Authentication*
[INFO ] 2024-04-01 12:42:58.552 [main] LoggerLoad - ***************** Admin has logged in Successfully*
[INFO ] 2024-04-01 12:42:58.553 [main] LoggerLoad - ******************Execution of Get User Scenarios started
[INFO ] 2024-04-01 12:42:58.923 [main] LoggerLoad - ********Admin Enters valid Username and Passowrd for Authentication*
[INFO ] 2024-04-01 12:42:59.378 [main] LoggerLoad - ***************** Admin has logged in Successfully*
[INFO ] 2024-04-01 12:42:59.379 [main] LoggerLoad - ******************Execution of Get User Scenarios started
[INFO ] 2024-04-01 12:42:59.773 [main] LoggerLoad - ********Admin Enters valid Username and Passowrd for Authentication*
[INFO ] 2024-04-01 12:43:00.216 [main] LoggerLoad - ***************** Admin has logged in Successfully*
[INFO ] 2024-04-01 12:43:00.581 [main] LoggerLoad - ********Admin Enters valid Username and Passowrd for Authentication*
[INFO ] 2024-04-01 12:43:01.024 [main] LoggerLoad - ***************** Admin has logged in Successfully*
[INFO ] 2024-04-01 12:43:01.404 [main] LoggerLoad - ********Admin Enters valid Username and Passowrd for Authentication*
[INFO ] 2024-04-01 12:43:01.866 [main] LoggerLoad - ***************** Admin has logged in Successfully*
[INFO ] 2024-04-01 12:43:02.261 [main] LoggerLoad - ********Admin Enters valid Username and Passowrd for Authentication*
[INFO ] 2024-04-01 12:43:02.719 [main] LoggerLoad - ***************** Admin has logged in Successfully*
[INFO ] 2024-04-01 12:43:03.249 [main] LoggerLoad - ********Admin Enters valid Username and Passowrd for Authentication*
[INFO ] 2024-04-01 12:43:03.708 [main] LoggerLoad - ***************** Admin has logged in Successfully*
[INFO ] 2024-04-01 12:43:04.663 [main] LoggerLoad - ********Admin Enters valid Username and Passowrd for Authentication*
[INFO ] 2024-04-01 12:43:05.130 [main] LoggerLoad - ***************** Admin has logged in Successfully*
[INFO ] 2024-04-01 12:43:05.560 [main] LoggerLoad - ********Admin Enters valid Username and Passowrd for Authentication*
[INFO ] 2024-04-01 12:43:06.019 [main] LoggerLoad - ***************** Admin has logged in Successfully*
[INFO ] 2024-04-01 12:43:06.457 [main] LoggerLoad - ********Admin Enters valid Username and Passowrd for Authentication*
[INFO ] 2024-04-01 12:43:06.919 [main] LoggerLoad - ***************** Admin has logged in Successfully*
[INFO ] 2024-04-01 12:43:06.920 [main] LoggerLoad - ******************Execution of Update User Role ID Scenario started
[INFO ] 2024-04-01 12:43:06.943 [main] LoggerLoad - Updating role status of User with role ID: U1357
[INFO ] 2024-04-01 12:43:07.322 [main] LoggerLoad - ********Admin Enters valid Username and Passowrd for Authentication*
[INFO ] 2024-04-01 12:43:07.786 [main] LoggerLoad - ***************** Admin has logged in Successfully*
[INFO ] 2024-04-01 12:43:07.787 [main] LoggerLoad - ******************Execution of Update User Role Status Scenario started
[INFO ] 2024-04-01 12:43:07.807 [main] LoggerLoad - Updating role status of User with role ID: U1357
[INFO ] 2024-04-01 12:43:08.201 [main] LoggerLoad - ********Admin Enters valid Username and Passowrd for Authentication*
[INFO ] 2024-04-01 12:43:08.658 [main] LoggerLoad - ***************** Admin has logged in Successfully*
[INFO ] 2024-04-01 12:43:08.659 [main] LoggerLoad - Execution of Valid Delete for PrgmBatchStatus Scenarios started
[INFO ] 2024-04-01 12:43:09.027 [main] LoggerLoad - ********Admin Enters valid Username and Passowrd for Authentication*
[INFO ] 2024-04-01 12:43:09.483 [main] LoggerLoad - ***************** Admin has logged in Successfully*
[INFO ] 2024-04-01 12:43:09.866 [main] LoggerLoad - ********Admin Enters valid Username and Passowrd for Authentication*
[INFO ] 2024-04-01 12:43:10.532 [main] LoggerLoad - ***************** Admin has logged in Successfully*
[INFO ] 2024-04-01 12:43:10.533 [main] LoggerLoad - ******************Execution of Delete Batch Scenario started
[INFO ] 2024-04-01 12:43:10.533 [main] LoggerLoad - Batch ID that is being deleted is: 9552
[INFO ] 2024-04-01 12:43:10.917 [main] LoggerLoad - ********Admin Enters valid Username and Passowrd for Authentication*
[INFO ] 2024-04-01 12:43:11.374 [main] LoggerLoad - ***************** Admin has logged in Successfully*
[INFO ] 2024-04-01 12:43:11.375 [main] LoggerLoad - ******************Execution of Delete Program by ID Scenarios started
[INFO ] 2024-04-01 12:43:11.751 [main] LoggerLoad - ********Admin Enters valid Username and Passowrd for Authentication*
[INFO ] 2024-04-01 12:43:12.193 [main] LoggerLoad - ***************** Admin has logged in Successfully*
[INFO ] 2024-04-01 12:43:12.194 [main] LoggerLoad - ******************Execution of Delete Program by Name Scenarios started
[INFO ] 2024-04-01 12:43:12.577 [main] LoggerLoad - ********Admin Enters valid Username and Passowrd for Authentication*
[INFO ] 2024-04-01 12:43:13.030 [main] LoggerLoad - ***************** Admin has logged in Successfully*
[INFO ] 2024-04-01 15:13:48.978 [main] LoggerLoad - ********Admin Enters valid Username and Passowrd for Authentication*
[INFO ] 2024-04-01 15:13:52.831 [main] LoggerLoad - ***************** Admin has logged in Successfully*
[INFO ] 2024-04-01 15:15:37.789 [main] LoggerLoad - ********Admin Enters valid Username and Passowrd for Authentication*
[INFO ] 2024-04-01 15:15:41.504 [main] LoggerLoad - ***************** Admin has logged in Successfully*
[INFO ] 2024-04-01 15:21:58.116 [main] LoggerLoad - ********Admin Enters valid Username and Passowrd for Authentication*
[INFO ] 2024-04-01 15:23:08.557 [main] LoggerLoad - ********Admin Enters valid Username and Passowrd for Authentication*
[INFO ] 2024-04-01 15:26:27.001 [main] LoggerLoad - ********Admin Enters valid Username and Passowrd for Authentication*
[INFO ] 2024-04-01 15:27:08.793 [main] LoggerLoad - ********Admin Enters valid Username and Passowrd for Authentication*
[INFO ] 2024-04-01 15:35:43.264 [main] LoggerLoad - ********Admin Enters valid Username and Passowrd for Authentication*
[INFO ] 2024-04-01 15:36:25.771 [main] LoggerLoad - ********Admin Enters valid Username and Passowrd for Authentication*
[INFO ] 2024-04-01 15:37:46.179 [main] LoggerLoad - ********Admin Enters valid Username and Passowrd for Authentication*
[INFO ] 2024-04-01 15:38:05.172 [main] LoggerLoad - ********Admin Enters valid Username and Passowrd for Authentication*
[INFO ] 2024-04-01 15:41:22.572 [main] LoggerLoad - ********Admin Enters valid Username and Passowrd for Authentication*
[INFO ] 2024-04-01 15:42:45.683 [main] LoggerLoad - ********Admin Enters valid Username and Passowrd for Authentication*
[INFO ] 2024-04-01 15:44:36.723 [main] LoggerLoad - ***************** Admin has logged in Successfully*
[INFO ] 2024-04-01 15:45:53.816 [main] LoggerLoad - ***************** Admin has logged in Successfully*
[INFO ] 2024-04-01 15:47:16.227 [main] LoggerLoad - ***************** Admin has logged in Successfully*
[INFO ] 2024-04-01 15:49:55.546 [main] LoggerLoad - ***************** Admin has logged in Successfully*
[INFO ] 2024-04-01 15:50:59.156 [main] LoggerLoad - ***************** Admin has logged in Successfully*
[INFO ] 2024-04-01 16:08:30.012 [main] LoggerLoad - ***************** Admin has logged in Successfully*
[INFO ] 2024-04-01 16:41:37.385 [main] LoggerLoad - ***************** Admin has logged in Successfully*
[INFO ] 2024-04-01 16:41:41.184 [main] LoggerLoad - ***************** Admin has logged in Successfully*
[INFO ] 2024-04-01 16:41:41.848 [main] LoggerLoad - ***************** Admin has logged in Successfully*
[INFO ] 2024-04-01 16:54:31.610 [main] LoggerLoad - ***************** Admin has logged in Successfully*
[INFO ] 2024-04-01 16:54:34.833 [main] LoggerLoad - ***************** Admin has logged in Successfully*
[INFO ] 2024-04-01 16:54:35.490 [main] LoggerLoad - ***************** Admin has logged in Successfully*
[INFO ] 2024-04-01 16:58:42.998 [main] LoggerLoad - ***************** Admin has logged in Successfully*
[INFO ] 2024-04-01 16:58:44.372 [main] LoggerLoad - ***************** Admin has logged in Successfully*
[INFO ] 2024-04-01 17:15:50.061 [main] LoggerLoad - ***************** Admin has logged in Successfully*
[INFO ] 2024-04-01 17:19:03.943 [main] LoggerLoad - ***************** Admin has logged in Successfully*
[INFO ] 2024-04-01 17:20:24.421 [main] LoggerLoad - ***************** Admin has logged in Successfully*
[INFO ] 2024-04-01 17:21:42.261 [main] LoggerLoad - ***************** Admin has logged in Successfully*
[INFO ] 2024-04-01 17:23:21.116 [main] LoggerLoad - ***************** Admin has logged in Successfully*
[INFO ] 2024-04-01 17:26:21.452 [main] LoggerLoad - ***************** Admin has logged in Successfully*
[INFO ] 2024-04-01 17:30:24.108 [main] LoggerLoad - ***************** Admin has logged in Successfully*
[INFO ] 2024-04-01 17:34:38.643 [main] LoggerLoad - ********Admin Enters valid Username and Passowrd for Authentication*
[INFO ] 2024-04-01 17:34:41.984 [main] LoggerLoad - ***************** Admin has logged in Successfully*
[INFO ] 2024-04-01 17:34:41.985 [main] LoggerLoad - ******************Execution of Post Program Scenarios started
[INFO ] 2024-04-01 17:34:43.326 [main] LoggerLoad - Created Program Id is: 17514
[INFO ] 2024-04-01 17:34:43.326 [main] LoggerLoad - Created Program Name is: March24-ApINinjas-QA-118
[INFO ] 2024-04-01 17:34:43.360 [main] LoggerLoad - ********Admin Enters valid Username and Passowrd for Authentication*
[INFO ] 2024-04-01 17:34:44.037 [main] LoggerLoad - ***************** Admin has logged in Successfully*
[INFO ] 2024-04-01 17:34:44.038 [main] LoggerLoad - ******************Execution of Get all Programs Scenarios started
[INFO ] 2024-04-01 17:34:44.645 [main] LoggerLoad - ********Admin Enters valid Username and Passowrd for Authentication*
[INFO ] 2024-04-01 17:34:45.148 [main] LoggerLoad - ***************** Admin has logged in Successfully*
[INFO ] 2024-04-01 17:34:45.149 [main] LoggerLoad - ******************Execution of Get by ProgramID Scenarios started
[INFO ] 2024-04-01 17:34:45.619 [main] LoggerLoad - ********Admin Enters valid Username and Passowrd for Authentication*
[INFO ] 2024-04-01 17:34:46.117 [main] LoggerLoad - ***************** Admin has logged in Successfully*
[INFO ] 2024-04-01 17:34:46.118 [main] LoggerLoad - ******************Execution of Get Program with User Scenarios started
[INFO ] 2024-04-01 17:34:46.662 [main] LoggerLoad - ********Admin Enters valid Username and Passowrd for Authentication*
[INFO ] 2024-04-01 17:34:47.158 [main] LoggerLoad - ***************** Admin has logged in Successfully*
[INFO ] 2024-04-01 17:34:47.159 [main] LoggerLoad - ******************Execution of Update by Program ID Scenarios started
[INFO ] 2024-04-01 17:34:47.274 [main] LoggerLoad - Program ID that is being Updated is: 17514
[INFO ] 2024-04-01 17:34:47.718 [main] LoggerLoad - Created Program Id is: 17514
[INFO ] 2024-04-01 17:34:47.718 [main] LoggerLoad - Created Program Name is: March24-ApINinjas-QA-119
[INFO ] 2024-04-01 17:34:47.729 [main] LoggerLoad - ********Admin Enters valid Username and Passowrd for Authentication*
[INFO ] 2024-04-01 17:34:48.219 [main] LoggerLoad - ***************** Admin has logged in Successfully*
[INFO ] 2024-04-01 17:34:48.220 [main] LoggerLoad - ******************Execution of Update by Program Name Scenarios started
[INFO ] 2024-04-01 17:34:48.289 [main] LoggerLoad - Program Name that is being Updated is: March24-ApINinjas-QA-119
[ERROR] 2024-04-01 17:34:48.718 [main] LoggerLoad - 1 expectation failed.
Expected status code <200> but was <500>.

[INFO ] 2024-04-01 17:34:48.738 [main] LoggerLoad - ********Admin Enters valid Username and Passowrd for Authentication*
[INFO ] 2024-04-01 17:34:49.269 [main] LoggerLoad - ***************** Admin has logged in Successfully*
[INFO ] 2024-04-01 17:34:49.269 [main] LoggerLoad - ******************Execution of Post Batch Scenarios started
[INFO ] 2024-04-01 17:34:49.802 [main] LoggerLoad - Created Batch Id is: 9819
[INFO ] 2024-04-01 17:34:49.803 [main] LoggerLoad - Created Batch Name is: March24-ApINinjas-QA-QA1-108
[INFO ] 2024-04-01 17:34:49.803 [main] LoggerLoad - This Batch is created under the Program ID: 17514
[INFO ] 2024-04-01 17:34:49.810 [main] LoggerLoad - ********Admin Enters valid Username and Passowrd for Authentication*
[INFO ] 2024-04-01 17:34:50.306 [main] LoggerLoad - ***************** Admin has logged in Successfully*
[INFO ] 2024-04-01 17:34:50.306 [main] LoggerLoad - ******************Execution of Get Batches Scenarios started
[INFO ] 2024-04-01 17:34:50.917 [main] LoggerLoad - ********Admin Enters valid Username and Passowrd for Authentication*
[INFO ] 2024-04-01 17:34:51.401 [main] LoggerLoad - ***************** Admin has logged in Successfully*
[INFO ] 2024-04-01 17:34:51.402 [main] LoggerLoad - ******************Execution of Get Batches Scenarios started
[INFO ] 2024-04-01 17:34:52.006 [main] LoggerLoad - ********Admin Enters valid Username and Passowrd for Authentication*
[INFO ] 2024-04-01 17:34:52.493 [main] LoggerLoad - ***************** Admin has logged in Successfully*
[INFO ] 2024-04-01 17:34:52.493 [main] LoggerLoad - ******************Execution of Get by BatchID Scenario started
[INFO ] 2024-04-01 17:34:52.890 [main] LoggerLoad - ********Admin Enters valid Username and Passowrd for Authentication*
[INFO ] 2024-04-01 17:34:53.383 [main] LoggerLoad - ***************** Admin has logged in Successfully*
[INFO ] 2024-04-01 17:34:53.384 [main] LoggerLoad - ******************Execution of Get by ProgramID Scenario started
[INFO ] 2024-04-01 17:34:53.774 [main] LoggerLoad - ********Admin Enters valid Username and Passowrd for Authentication*
[INFO ] 2024-04-01 17:34:54.280 [main] LoggerLoad - ***************** Admin has logged in Successfully*
[INFO ] 2024-04-01 17:34:54.281 [main] LoggerLoad - ******************Execution of Get by Batch Name Scenario started
[INFO ] 2024-04-01 17:34:54.670 [main] LoggerLoad - ********Admin Enters valid Username and Passowrd for Authentication*
[INFO ] 2024-04-01 17:34:55.173 [main] LoggerLoad - ***************** Admin has logged in Successfully*
[INFO ] 2024-04-01 17:34:55.174 [main] LoggerLoad - ******************Execution of Update Batch Scenario started
[INFO ] 2024-04-01 17:34:55.241 [main] LoggerLoad - Batch ID that is being Updated is: 9819
[INFO ] 2024-04-01 17:34:55.650 [main] LoggerLoad - ********Admin Enters valid Username and Passowrd for Authentication*
[INFO ] 2024-04-01 17:34:56.135 [main] LoggerLoad - ***************** Admin has logged in Successfully*
[INFO ] 2024-04-01 17:34:57.066 [main] LoggerLoad - ********Admin Enters valid Username and Passowrd for Authentication*
[INFO ] 2024-04-01 17:34:57.551 [main] LoggerLoad - ***************** Admin has logged in Successfully*
[INFO ] 2024-04-01 17:34:58.072 [main] LoggerLoad - ********Admin Enters valid Username and Passowrd for Authentication*
[INFO ] 2024-04-01 17:34:58.559 [main] LoggerLoad - ***************** Admin has logged in Successfully*
[INFO ] 2024-04-01 17:34:58.561 [main] LoggerLoad - Execution of Valid PUT for PrgmBatchStatus Scenarios started
[INFO ] 2024-04-01 17:34:59.066 [main] LoggerLoad - ********Admin Enters valid Username and Passowrd for Authentication*
[INFO ] 2024-04-01 17:34:59.556 [main] LoggerLoad - ***************** Admin has logged in Successfully*
[INFO ] 2024-04-01 17:34:59.557 [main] LoggerLoad - Execution of Valid GetALL for PrgmBatchStatus Scenarios started
[INFO ] 2024-04-01 17:35:00.108 [main] LoggerLoad - ********Admin Enters valid Username and Passowrd for Authentication*
[INFO ] 2024-04-01 17:35:00.586 [main] LoggerLoad - ***************** Admin has logged in Successfully*
[INFO ] 2024-04-01 17:35:00.587 [main] LoggerLoad - Execution of Valid Get by UserID for PrgmBatchStatus Scenarios started
[INFO ] 2024-04-01 17:35:00.995 [main] LoggerLoad - ********Admin Enters valid Username and Passowrd for Authentication*
[INFO ] 2024-04-01 17:35:01.485 [main] LoggerLoad - ***************** Admin has logged in Successfully*
[INFO ] 2024-04-01 17:35:01.896 [main] LoggerLoad - ********Admin Enters valid Username and Passowrd for Authentication*
[INFO ] 2024-04-01 17:35:02.399 [main] LoggerLoad - ***************** Admin has logged in Successfully*
[INFO ] 2024-04-01 17:35:03.444 [main] LoggerLoad - ********Admin Enters valid Username and Passowrd for Authentication*
[INFO ] 2024-04-01 17:35:03.932 [main] LoggerLoad - ***************** Admin has logged in Successfully*
[INFO ] 2024-04-01 17:35:04.331 [main] LoggerLoad - ********Admin Enters valid Username and Passowrd for Authentication*
[INFO ] 2024-04-01 17:35:04.876 [main] LoggerLoad - ***************** Admin has logged in Successfully*
[INFO ] 2024-04-01 17:35:05.298 [main] LoggerLoad - ********Admin Enters valid Username and Passowrd for Authentication*
[INFO ] 2024-04-01 17:35:05.779 [main] LoggerLoad - ***************** Admin has logged in Successfully*
[INFO ] 2024-04-01 17:35:05.781 [main] LoggerLoad - ******************Execution of Get User Scenarios started
[INFO ] 2024-04-01 17:35:06.164 [main] LoggerLoad - ********Admin Enters valid Username and Passowrd for Authentication*
[INFO ] 2024-04-01 17:35:06.643 [main] LoggerLoad - ***************** Admin has logged in Successfully*
[INFO ] 2024-04-01 17:35:06.644 [main] LoggerLoad - ******************Execution of Get User Scenarios started
[INFO ] 2024-04-01 17:35:07.042 [main] LoggerLoad - ********Admin Enters valid Username and Passowrd for Authentication*
[INFO ] 2024-04-01 17:35:07.535 [main] LoggerLoad - ***************** Admin has logged in Successfully*
[INFO ] 2024-04-01 17:35:07.536 [main] LoggerLoad - ******************Execution of Get User Scenarios started
[INFO ] 2024-04-01 17:35:07.950 [main] LoggerLoad - ********Admin Enters valid Username and Passowrd for Authentication*
[INFO ] 2024-04-01 17:35:08.439 [main] LoggerLoad - ***************** Admin has logged in Successfully*
[INFO ] 2024-04-01 17:35:08.440 [main] LoggerLoad - ******************Execution of Get User Scenarios started
[INFO ] 2024-04-01 17:35:08.825 [main] LoggerLoad - ********Admin Enters valid Username and Passowrd for Authentication*
[INFO ] 2024-04-01 17:35:09.311 [main] LoggerLoad - ***************** Admin has logged in Successfully*
[INFO ] 2024-04-01 17:35:09.708 [main] LoggerLoad - ********Admin Enters valid Username and Passowrd for Authentication*
[INFO ] 2024-04-01 17:35:10.195 [main] LoggerLoad - ***************** Admin has logged in Successfully*
[INFO ] 2024-04-01 17:35:10.577 [main] LoggerLoad - ********Admin Enters valid Username and Passowrd for Authentication*
[INFO ] 2024-04-01 17:35:11.046 [main] LoggerLoad - ***************** Admin has logged in Successfully*
[INFO ] 2024-04-01 17:35:11.445 [main] LoggerLoad - ********Admin Enters valid Username and Passowrd for Authentication*
[INFO ] 2024-04-01 17:35:11.913 [main] LoggerLoad - ***************** Admin has logged in Successfully*
[INFO ] 2024-04-01 17:35:12.471 [main] LoggerLoad - ********Admin Enters valid Username and Passowrd for Authentication*
[INFO ] 2024-04-01 17:35:12.955 [main] LoggerLoad - ***************** Admin has logged in Successfully*
[INFO ] 2024-04-01 17:35:13.985 [main] LoggerLoad - ********Admin Enters valid Username and Passowrd for Authentication*
[INFO ] 2024-04-01 17:35:14.472 [main] LoggerLoad - ***************** Admin has logged in Successfully*
[INFO ] 2024-04-01 17:35:14.954 [main] LoggerLoad - ********Admin Enters valid Username and Passowrd for Authentication*
[INFO ] 2024-04-01 17:35:15.426 [main] LoggerLoad - ***************** Admin has logged in Successfully*
[INFO ] 2024-04-01 17:35:15.904 [main] LoggerLoad - ********Admin Enters valid Username and Passowrd for Authentication*
[INFO ] 2024-04-01 17:35:16.363 [main] LoggerLoad - ***************** Admin has logged in Successfully*
[INFO ] 2024-04-01 17:35:16.363 [main] LoggerLoad - ******************Execution of Update User Role ID Scenario started
[INFO ] 2024-04-01 17:35:16.422 [main] LoggerLoad - Updating role status of User with role ID: U1597
[INFO ] 2024-04-01 17:35:16.794 [main] LoggerLoad - ********Admin Enters valid Username and Passowrd for Authentication*
[INFO ] 2024-04-01 17:35:17.249 [main] LoggerLoad - ***************** Admin has logged in Successfully*
[INFO ] 2024-04-01 17:35:17.250 [main] LoggerLoad - ******************Execution of Update User Role Status Scenario started
[INFO ] 2024-04-01 17:35:17.299 [main] LoggerLoad - Updating role status of User with role ID: U1597
[INFO ] 2024-04-01 17:35:17.690 [main] LoggerLoad - ********Admin Enters valid Username and Passowrd for Authentication*
[INFO ] 2024-04-01 17:35:18.158 [main] LoggerLoad - ***************** Admin has logged in Successfully*
[INFO ] 2024-04-01 17:35:18.158 [main] LoggerLoad - Execution of Valid Delete for PrgmBatchStatus Scenarios started
[INFO ] 2024-04-01 17:35:18.546 [main] LoggerLoad - ********Admin Enters valid Username and Passowrd for Authentication*
[INFO ] 2024-04-01 17:35:19.014 [main] LoggerLoad - ***************** Admin has logged in Successfully*
[INFO ] 2024-04-01 17:35:19.421 [main] LoggerLoad - ********Admin Enters valid Username and Passowrd for Authentication*
[INFO ] 2024-04-01 17:35:19.902 [main] LoggerLoad - ***************** Admin has logged in Successfully*
[INFO ] 2024-04-01 17:35:19.903 [main] LoggerLoad - ******************Execution of Delete Batch Scenario started
[INFO ] 2024-04-01 17:35:19.904 [main] LoggerLoad - Batch ID that is being deleted is: 9819
[INFO ] 2024-04-01 17:35:20.301 [main] LoggerLoad - ********Admin Enters valid Username and Passowrd for Authentication*
[INFO ] 2024-04-01 17:35:20.768 [main] LoggerLoad - ***************** Admin has logged in Successfully*
[INFO ] 2024-04-01 17:35:20.768 [main] LoggerLoad - ******************Execution of Delete Program by ID Scenarios started
[INFO ] 2024-04-01 17:35:21.158 [main] LoggerLoad - ********Admin Enters valid Username and Passowrd for Authentication*
[INFO ] 2024-04-01 17:35:21.626 [main] LoggerLoad - ***************** Admin has logged in Successfully*
[INFO ] 2024-04-01 17:35:21.626 [main] LoggerLoad - ******************Execution of Delete Program by Name Scenarios started
[INFO ] 2024-04-01 17:35:22.008 [main] LoggerLoad - ********Admin Enters valid Username and Passowrd for Authentication*
[INFO ] 2024-04-01 17:35:22.487 [main] LoggerLoad - ***************** Admin has logged in Successfully*
[INFO ] 2024-04-01 17:37:09.876 [main] LoggerLoad - ********Admin Enters valid Username and Passowrd for Authentication*
[INFO ] 2024-04-01 17:37:13.524 [main] LoggerLoad - ***************** Admin has logged in Successfully*
[INFO ] 2024-04-01 17:37:13.525 [main] LoggerLoad - ******************Execution of Post Program Scenarios started
[INFO ] 2024-04-01 17:37:14.991 [main] LoggerLoad - Created Program Id is: 17520
[INFO ] 2024-04-01 17:37:14.991 [main] LoggerLoad - Created Program Name is: March24-ApINinjas-QA-122
[INFO ] 2024-04-01 17:37:15.020 [main] LoggerLoad - ********Admin Enters valid Username and Passowrd for Authentication*
[INFO ] 2024-04-01 17:37:15.531 [main] LoggerLoad - ***************** Admin has logged in Successfully*
[INFO ] 2024-04-01 17:37:15.531 [main] LoggerLoad - ******************Execution of Get all Programs Scenarios started
[INFO ] 2024-04-01 17:37:15.955 [main] LoggerLoad - ********Admin Enters valid Username and Passowrd for Authentication*
[INFO ] 2024-04-01 17:37:16.460 [main] LoggerLoad - ***************** Admin has logged in Successfully*
[INFO ] 2024-04-01 17:37:16.460 [main] LoggerLoad - ******************Execution of Get by ProgramID Scenarios started
[INFO ] 2024-04-01 17:37:16.885 [main] LoggerLoad - ********Admin Enters valid Username and Passowrd for Authentication*
[INFO ] 2024-04-01 17:37:17.372 [main] LoggerLoad - ***************** Admin has logged in Successfully*
[INFO ] 2024-04-01 17:37:17.373 [main] LoggerLoad - ******************Execution of Get Program with User Scenarios started
[INFO ] 2024-04-01 17:37:17.905 [main] LoggerLoad - ********Admin Enters valid Username and Passowrd for Authentication*
[INFO ] 2024-04-01 17:37:18.395 [main] LoggerLoad - ***************** Admin has logged in Successfully*
[INFO ] 2024-04-01 17:37:18.396 [main] LoggerLoad - ******************Execution of Update by Program ID Scenarios started
[INFO ] 2024-04-01 17:37:18.496 [main] LoggerLoad - Program ID that is being Updated is: 17520
[INFO ] 2024-04-01 17:37:18.933 [main] LoggerLoad - Created Program Id is: 17520
[INFO ] 2024-04-01 17:37:18.957 [main] LoggerLoad - Created Program Name is: March24-ApINinjas-QA-123
[INFO ] 2024-04-01 17:37:18.979 [main] LoggerLoad - ********Admin Enters valid Username and Passowrd for Authentication*
[INFO ] 2024-04-01 17:37:19.462 [main] LoggerLoad - ***************** Admin has logged in Successfully*
[INFO ] 2024-04-01 17:37:19.463 [main] LoggerLoad - ******************Execution of Update by Program Name Scenarios started
[INFO ] 2024-04-01 17:37:19.557 [main] LoggerLoad - Program Name that is being Updated is: March24-ApINinjas-QA-123
[INFO ] 2024-04-01 17:37:19.976 [main] LoggerLoad - Created Program Id is: 17520
[INFO ] 2024-04-01 17:37:19.977 [main] LoggerLoad - Created Program Name is: March24-ApINinjas-QA-124
[INFO ] 2024-04-01 17:37:19.989 [main] LoggerLoad - ********Admin Enters valid Username and Passowrd for Authentication*
[INFO ] 2024-04-01 17:37:20.469 [main] LoggerLoad - ***************** Admin has logged in Successfully*
[INFO ] 2024-04-01 17:37:20.469 [main] LoggerLoad - ******************Execution of Post Batch Scenarios started
[INFO ] 2024-04-01 17:37:20.983 [main] LoggerLoad - Created Batch Id is: 9820
[INFO ] 2024-04-01 17:37:20.983 [main] LoggerLoad - Created Batch Name is: March24-ApINinjas-QA-QA1-112
[INFO ] 2024-04-01 17:37:20.984 [main] LoggerLoad - This Batch is created under the Program ID: 17520
[INFO ] 2024-04-01 17:37:20.994 [main] LoggerLoad - ********Admin Enters valid Username and Passowrd for Authentication*
[INFO ] 2024-04-01 17:37:21.507 [main] LoggerLoad - ***************** Admin has logged in Successfully*
[INFO ] 2024-04-01 17:37:21.508 [main] LoggerLoad - ******************Execution of Get Batches Scenarios started
[INFO ] 2024-04-01 17:37:22.091 [main] LoggerLoad - ********Admin Enters valid Username and Passowrd for Authentication*
[INFO ] 2024-04-01 17:37:22.568 [main] LoggerLoad - ***************** Admin has logged in Successfully*
[INFO ] 2024-04-01 17:37:22.569 [main] LoggerLoad - ******************Execution of Get Batches Scenarios started
[INFO ] 2024-04-01 17:37:23.145 [main] LoggerLoad - ********Admin Enters valid Username and Passowrd for Authentication*
[INFO ] 2024-04-01 17:37:23.652 [main] LoggerLoad - ***************** Admin has logged in Successfully*
[INFO ] 2024-04-01 17:37:23.652 [main] LoggerLoad - ******************Execution of Get by BatchID Scenario started
[INFO ] 2024-04-01 17:37:24.055 [main] LoggerLoad - ********Admin Enters valid Username and Passowrd for Authentication*
[INFO ] 2024-04-01 17:37:24.531 [main] LoggerLoad - ***************** Admin has logged in Successfully*
[INFO ] 2024-04-01 17:37:24.532 [main] LoggerLoad - ******************Execution of Get by ProgramID Scenario started
[INFO ] 2024-04-01 17:37:24.913 [main] LoggerLoad - ********Admin Enters valid Username and Passowrd for Authentication*
[INFO ] 2024-04-01 17:37:26.344 [main] LoggerLoad - ***************** Admin has logged in Successfully*
[INFO ] 2024-04-01 17:37:26.345 [main] LoggerLoad - ******************Execution of Get by Batch Name Scenario started
[INFO ] 2024-04-01 17:37:26.725 [main] LoggerLoad - ********Admin Enters valid Username and Passowrd for Authentication*
[INFO ] 2024-04-01 17:37:27.190 [main] LoggerLoad - ***************** Admin has logged in Successfully*
[INFO ] 2024-04-01 17:37:27.190 [main] LoggerLoad - ******************Execution of Update Batch Scenario started
[INFO ] 2024-04-01 17:37:27.272 [main] LoggerLoad - Batch ID that is being Updated is: 9820
[INFO ] 2024-04-01 17:37:27.652 [main] LoggerLoad - ********Admin Enters valid Username and Passowrd for Authentication*
[INFO ] 2024-04-01 17:37:28.171 [main] LoggerLoad - ***************** Admin has logged in Successfully*
[INFO ] 2024-04-01 17:37:29.013 [main] LoggerLoad - ********Admin Enters valid Username and Passowrd for Authentication*
[INFO ] 2024-04-01 17:37:29.502 [main] LoggerLoad - ***************** Admin has logged in Successfully*
[INFO ] 2024-04-01 17:37:29.967 [main] LoggerLoad - ********Admin Enters valid Username and Passowrd for Authentication*
[INFO ] 2024-04-01 17:37:30.443 [main] LoggerLoad - ***************** Admin has logged in Successfully*
[INFO ] 2024-04-01 17:37:30.443 [main] LoggerLoad - Execution of Valid PUT for PrgmBatchStatus Scenarios started
[INFO ] 2024-04-01 17:37:30.942 [main] LoggerLoad - ********Admin Enters valid Username and Passowrd for Authentication*
[INFO ] 2024-04-01 17:37:31.403 [main] LoggerLoad - ***************** Admin has logged in Successfully*
[INFO ] 2024-04-01 17:37:31.404 [main] LoggerLoad - Execution of Valid GetALL for PrgmBatchStatus Scenarios started
[INFO ] 2024-04-01 17:37:31.934 [main] LoggerLoad - ********Admin Enters valid Username and Passowrd for Authentication*
[INFO ] 2024-04-01 17:37:32.413 [main] LoggerLoad - ***************** Admin has logged in Successfully*
[INFO ] 2024-04-01 17:37:32.414 [main] LoggerLoad - Execution of Valid Get by UserID for PrgmBatchStatus Scenarios started
[INFO ] 2024-04-01 17:37:32.808 [main] LoggerLoad - ********Admin Enters valid Username and Passowrd for Authentication*
[INFO ] 2024-04-01 17:37:33.293 [main] LoggerLoad - ***************** Admin has logged in Successfully*
[INFO ] 2024-04-01 17:37:33.672 [main] LoggerLoad - ********Admin Enters valid Username and Passowrd for Authentication*
[INFO ] 2024-04-01 17:37:34.148 [main] LoggerLoad - ***************** Admin has logged in Successfully*
[INFO ] 2024-04-01 17:37:35.171 [main] LoggerLoad - ********Admin Enters valid Username and Passowrd for Authentication*
[INFO ] 2024-04-01 17:37:35.649 [main] LoggerLoad - ***************** Admin has logged in Successfully*
[INFO ] 2024-04-01 17:37:36.031 [main] LoggerLoad - ********Admin Enters valid Username and Passowrd for Authentication*
[INFO ] 2024-04-01 17:37:36.504 [main] LoggerLoad - ***************** Admin has logged in Successfully*
[INFO ] 2024-04-01 17:37:36.913 [main] LoggerLoad - ********Admin Enters valid Username and Passowrd for Authentication*
[INFO ] 2024-04-01 17:37:37.421 [main] LoggerLoad - ***************** Admin has logged in Successfully*
[INFO ] 2024-04-01 17:37:37.422 [main] LoggerLoad - ******************Execution of Get User Scenarios started
[INFO ] 2024-04-01 17:37:37.858 [main] LoggerLoad - ********Admin Enters valid Username and Passowrd for Authentication*
[INFO ] 2024-04-01 17:37:38.314 [main] LoggerLoad - ***************** Admin has logged in Successfully*
[INFO ] 2024-04-01 17:37:38.314 [main] LoggerLoad - ******************Execution of Get User Scenarios started
[INFO ] 2024-04-01 17:37:38.694 [main] LoggerLoad - ********Admin Enters valid Username and Passowrd for Authentication*
[INFO ] 2024-04-01 17:37:39.176 [main] LoggerLoad - ***************** Admin has logged in Successfully*
[INFO ] 2024-04-01 17:37:39.176 [main] LoggerLoad - ******************Execution of Get User Scenarios started
[INFO ] 2024-04-01 17:37:39.556 [main] LoggerLoad - ********Admin Enters valid Username and Passowrd for Authentication*
[INFO ] 2024-04-01 17:37:40.027 [main] LoggerLoad - ***************** Admin has logged in Successfully*
[INFO ] 2024-04-01 17:37:40.027 [main] LoggerLoad - ******************Execution of Get User Scenarios started
[INFO ] 2024-04-01 17:37:40.410 [main] LoggerLoad - ********Admin Enters valid Username and Passowrd for Authentication*
[INFO ] 2024-04-01 17:37:40.868 [main] LoggerLoad - ***************** Admin has logged in Successfully*
[INFO ] 2024-04-01 17:37:41.243 [main] LoggerLoad - ********Admin Enters valid Username and Passowrd for Authentication*
[INFO ] 2024-04-01 17:37:41.714 [main] LoggerLoad - ***************** Admin has logged in Successfully*
[INFO ] 2024-04-01 17:37:42.103 [main] LoggerLoad - ********Admin Enters valid Username and Passowrd for Authentication*
[INFO ] 2024-04-01 17:37:42.584 [main] LoggerLoad - ***************** Admin has logged in Successfully*
[INFO ] 2024-04-01 17:37:42.992 [main] LoggerLoad - ********Admin Enters valid Username and Passowrd for Authentication*
[INFO ] 2024-04-01 17:37:43.454 [main] LoggerLoad - ***************** Admin has logged in Successfully*
[INFO ] 2024-04-01 17:37:43.995 [main] LoggerLoad - ********Admin Enters valid Username and Passowrd for Authentication*
[INFO ] 2024-04-01 17:37:44.458 [main] LoggerLoad - ***************** Admin has logged in Successfully*
[INFO ] 2024-04-01 17:37:45.469 [main] LoggerLoad - ********Admin Enters valid Username and Passowrd for Authentication*
[INFO ] 2024-04-01 17:37:45.947 [main] LoggerLoad - ***************** Admin has logged in Successfully*
[INFO ] 2024-04-01 17:37:46.441 [main] LoggerLoad - ********Admin Enters valid Username and Passowrd for Authentication*
[INFO ] 2024-04-01 17:37:46.903 [main] LoggerLoad - ***************** Admin has logged in Successfully*
[INFO ] 2024-04-01 17:37:47.358 [main] LoggerLoad - ********Admin Enters valid Username and Passowrd for Authentication*
[INFO ] 2024-04-01 17:37:47.836 [main] LoggerLoad - ***************** Admin has logged in Successfully*
[INFO ] 2024-04-01 17:37:47.837 [main] LoggerLoad - ******************Execution of Update User Role ID Scenario started
[INFO ] 2024-04-01 17:37:47.882 [main] LoggerLoad - Updating role status of User with role ID: U1599
[INFO ] 2024-04-01 17:37:48.279 [main] LoggerLoad - ********Admin Enters valid Username and Passowrd for Authentication*
[INFO ] 2024-04-01 17:37:48.747 [main] LoggerLoad - ***************** Admin has logged in Successfully*
[INFO ] 2024-04-01 17:37:48.747 [main] LoggerLoad - ******************Execution of Update User Role Status Scenario started
[INFO ] 2024-04-01 17:37:48.790 [main] LoggerLoad - Updating role status of User with role ID: U1599
[INFO ] 2024-04-01 17:37:49.183 [main] LoggerLoad - ********Admin Enters valid Username and Passowrd for Authentication*
[INFO ] 2024-04-01 17:37:49.664 [main] LoggerLoad - ***************** Admin has logged in Successfully*
[INFO ] 2024-04-01 17:37:49.664 [main] LoggerLoad - Execution of Valid Delete for PrgmBatchStatus Scenarios started
[INFO ] 2024-04-01 17:37:50.036 [main] LoggerLoad - ********Admin Enters valid Username and Passowrd for Authentication*
[INFO ] 2024-04-01 17:37:50.490 [main] LoggerLoad - ***************** Admin has logged in Successfully*
[INFO ] 2024-04-01 17:37:50.866 [main] LoggerLoad - ********Admin Enters valid Username and Passowrd for Authentication*
[INFO ] 2024-04-01 17:37:51.393 [main] LoggerLoad - ***************** Admin has logged in Successfully*
[INFO ] 2024-04-01 17:37:51.394 [main] LoggerLoad - ******************Execution of Delete Batch Scenario started
[INFO ] 2024-04-01 17:37:51.395 [main] LoggerLoad - Batch ID that is being deleted is: 9820
[INFO ] 2024-04-01 17:37:51.783 [main] LoggerLoad - ********Admin Enters valid Username and Passowrd for Authentication*
[INFO ] 2024-04-01 17:37:52.305 [main] LoggerLoad - ***************** Admin has logged in Successfully*
[INFO ] 2024-04-01 17:37:52.306 [main] LoggerLoad - ******************Execution of Delete Program by ID Scenarios started
[INFO ] 2024-04-01 17:37:52.695 [main] LoggerLoad - ********Admin Enters valid Username and Passowrd for Authentication*
[INFO ] 2024-04-01 17:37:53.199 [main] LoggerLoad - ***************** Admin has logged in Successfully*
[INFO ] 2024-04-01 17:37:53.200 [main] LoggerLoad - ******************Execution of Delete Program by Name Scenarios started
[INFO ] 2024-04-01 17:37:53.580 [main] LoggerLoad - ********Admin Enters valid Username and Passowrd for Authentication*
[INFO ] 2024-04-01 17:37:54.048 [main] LoggerLoad - ***************** Admin has logged in Successfully*
[INFO ] 2024-04-01 17:41:49.627 [main] LoggerLoad - ********Admin Enters valid Username and Passowrd for Authentication*
[INFO ] 2024-04-01 17:41:53.223 [main] LoggerLoad - ***************** Admin has logged in Successfully*
[INFO ] 2024-04-01 17:41:53.224 [main] LoggerLoad - ******************Execution of Post Program Scenarios started
[INFO ] 2024-04-01 17:41:54.647 [main] LoggerLoad - Created Program Id is: 17523
[INFO ] 2024-04-01 17:41:54.647 [main] LoggerLoad - Created Program Name is: March24-ApINinjas-QA-126
[INFO ] 2024-04-01 17:41:54.674 [main] LoggerLoad - ********Admin Enters valid Username and Passowrd for Authentication*
[INFO ] 2024-04-01 17:41:55.348 [main] LoggerLoad - ***************** Admin has logged in Successfully*
[INFO ] 2024-04-01 17:41:55.348 [main] LoggerLoad - ******************Execution of Get all Programs Scenarios started
[INFO ] 2024-04-01 17:41:55.952 [main] LoggerLoad - ********Admin Enters valid Username and Passowrd for Authentication*
[INFO ] 2024-04-01 17:41:56.552 [main] LoggerLoad - ***************** Admin has logged in Successfully*
[INFO ] 2024-04-01 17:41:56.552 [main] LoggerLoad - ******************Execution of Get by ProgramID Scenarios started
[INFO ] 2024-04-01 17:41:56.967 [main] LoggerLoad - ********Admin Enters valid Username and Passowrd for Authentication*
[INFO ] 2024-04-01 17:41:57.454 [main] LoggerLoad - ***************** Admin has logged in Successfully*
[INFO ] 2024-04-01 17:41:57.455 [main] LoggerLoad - ******************Execution of Get Program with User Scenarios started
[INFO ] 2024-04-01 17:41:58.007 [main] LoggerLoad - ********Admin Enters valid Username and Passowrd for Authentication*
[INFO ] 2024-04-01 17:41:58.494 [main] LoggerLoad - ***************** Admin has logged in Successfully*
[INFO ] 2024-04-01 17:41:58.495 [main] LoggerLoad - ******************Execution of Update by Program ID Scenarios started
[INFO ] 2024-04-01 17:41:58.593 [main] LoggerLoad - Program ID that is being Updated is: 17523
[ERROR] 2024-04-01 17:41:59.018 [main] LoggerLoad - 1 expectation failed.
Expected status code <200> but was <500>.

[INFO ] 2024-04-01 17:41:59.042 [main] LoggerLoad - ********Admin Enters valid Username and Passowrd for Authentication*
[INFO ] 2024-04-01 17:41:59.534 [main] LoggerLoad - ***************** Admin has logged in Successfully*
[INFO ] 2024-04-01 17:41:59.534 [main] LoggerLoad - ******************Execution of Update by Program Name Scenarios started
[INFO ] 2024-04-01 17:41:59.630 [main] LoggerLoad - Program Name that is being Updated is: March24-ApINinjas-QA-126
[INFO ] 2024-04-01 17:42:00.059 [main] LoggerLoad - Created Program Id is: 17523
[INFO ] 2024-04-01 17:42:00.059 [main] LoggerLoad - Created Program Name is: March24-ApINinjas-QA-128
[INFO ] 2024-04-01 17:42:00.070 [main] LoggerLoad - ********Admin Enters valid Username and Passowrd for Authentication*
[INFO ] 2024-04-01 17:42:00.552 [main] LoggerLoad - ***************** Admin has logged in Successfully*
[INFO ] 2024-04-01 17:42:00.553 [main] LoggerLoad - ******************Execution of Post Batch Scenarios started
[INFO ] 2024-04-01 17:42:01.083 [main] LoggerLoad - Created Batch Id is: 9825
[INFO ] 2024-04-01 17:42:01.084 [main] LoggerLoad - Created Batch Name is: March24-ApINinjas-QA-QA1-116
[INFO ] 2024-04-01 17:42:01.084 [main] LoggerLoad - This Batch is created under the Program ID: 17523
[INFO ] 2024-04-01 17:42:01.096 [main] LoggerLoad - ********Admin Enters valid Username and Passowrd for Authentication*
[INFO ] 2024-04-01 17:42:01.689 [main] LoggerLoad - ***************** Admin has logged in Successfully*
[INFO ] 2024-04-01 17:42:01.690 [main] LoggerLoad - ******************Execution of Get Batches Scenarios started
[INFO ] 2024-04-01 17:42:02.386 [main] LoggerLoad - ********Admin Enters valid Username and Passowrd for Authentication*
[INFO ] 2024-04-01 17:42:02.875 [main] LoggerLoad - ***************** Admin has logged in Successfully*
[INFO ] 2024-04-01 17:42:02.875 [main] LoggerLoad - ******************Execution of Get Batches Scenarios started
[INFO ] 2024-04-01 17:42:03.641 [main] LoggerLoad - ********Admin Enters valid Username and Passowrd for Authentication*
[INFO ] 2024-04-01 17:42:04.126 [main] LoggerLoad - ***************** Admin has logged in Successfully*
[INFO ] 2024-04-01 17:42:04.127 [main] LoggerLoad - ******************Execution of Get by BatchID Scenario started
[INFO ] 2024-04-01 17:42:04.510 [main] LoggerLoad - ********Admin Enters valid Username and Passowrd for Authentication*
[INFO ] 2024-04-01 17:42:05.002 [main] LoggerLoad - ***************** Admin has logged in Successfully*
[INFO ] 2024-04-01 17:42:05.004 [main] LoggerLoad - ******************Execution of Get by ProgramID Scenario started
[INFO ] 2024-04-01 17:42:05.396 [main] LoggerLoad - ********Admin Enters valid Username and Passowrd for Authentication*
[INFO ] 2024-04-01 17:42:05.871 [main] LoggerLoad - ***************** Admin has logged in Successfully*
[INFO ] 2024-04-01 17:42:05.872 [main] LoggerLoad - ******************Execution of Get by Batch Name Scenario started
[INFO ] 2024-04-01 17:42:06.259 [main] LoggerLoad - ********Admin Enters valid Username and Passowrd for Authentication*
[INFO ] 2024-04-01 17:42:06.738 [main] LoggerLoad - ***************** Admin has logged in Successfully*
[INFO ] 2024-04-01 17:42:06.741 [main] LoggerLoad - ******************Execution of Update Batch Scenario started
[INFO ] 2024-04-01 17:42:06.816 [main] LoggerLoad - Batch ID that is being Updated is: 9825
[INFO ] 2024-04-01 17:42:07.206 [main] LoggerLoad - ********Admin Enters valid Username and Passowrd for Authentication*
[INFO ] 2024-04-01 17:42:07.729 [main] LoggerLoad - ***************** Admin has logged in Successfully*
[INFO ] 2024-04-01 17:42:08.600 [main] LoggerLoad - ********Admin Enters valid Username and Passowrd for Authentication*
[INFO ] 2024-04-01 17:42:09.080 [main] LoggerLoad - ***************** Admin has logged in Successfully*
[INFO ] 2024-04-01 17:42:09.545 [main] LoggerLoad - ********Admin Enters valid Username and Passowrd for Authentication*
[INFO ] 2024-04-01 17:42:10.026 [main] LoggerLoad - ***************** Admin has logged in Successfully*
[INFO ] 2024-04-01 17:42:10.027 [main] LoggerLoad - Execution of Valid PUT for PrgmBatchStatus Scenarios started
[INFO ] 2024-04-01 17:42:10.519 [main] LoggerLoad - ********Admin Enters valid Username and Passowrd for Authentication*
[INFO ] 2024-04-01 17:42:10.994 [main] LoggerLoad - ***************** Admin has logged in Successfully*
[INFO ] 2024-04-01 17:42:10.995 [main] LoggerLoad - Execution of Valid GetALL for PrgmBatchStatus Scenarios started
[INFO ] 2024-04-01 17:42:11.515 [main] LoggerLoad - ********Admin Enters valid Username and Passowrd for Authentication*
[INFO ] 2024-04-01 17:42:11.976 [main] LoggerLoad - ***************** Admin has logged in Successfully*
[INFO ] 2024-04-01 17:42:11.977 [main] LoggerLoad - Execution of Valid Get by UserID for PrgmBatchStatus Scenarios started
[INFO ] 2024-04-01 17:42:12.346 [main] LoggerLoad - ********Admin Enters valid Username and Passowrd for Authentication*
[INFO ] 2024-04-01 17:42:12.802 [main] LoggerLoad - ***************** Admin has logged in Successfully*
[INFO ] 2024-04-01 17:42:13.191 [main] LoggerLoad - ********Admin Enters valid Username and Passowrd for Authentication*
[INFO ] 2024-04-01 17:42:13.661 [main] LoggerLoad - ***************** Admin has logged in Successfully*
[INFO ] 2024-04-01 17:42:14.655 [main] LoggerLoad - ********Admin Enters valid Username and Passowrd for Authentication*
[INFO ] 2024-04-01 17:42:15.107 [main] LoggerLoad - ***************** Admin has logged in Successfully*
[INFO ] 2024-04-01 17:42:15.492 [main] LoggerLoad - ********Admin Enters valid Username and Passowrd for Authentication*
[INFO ] 2024-04-01 17:42:15.974 [main] LoggerLoad - ***************** Admin has logged in Successfully*
[INFO ] 2024-04-01 17:42:16.380 [main] LoggerLoad - ********Admin Enters valid Username and Passowrd for Authentication*
[INFO ] 2024-04-01 17:42:16.849 [main] LoggerLoad - ***************** Admin has logged in Successfully*
[INFO ] 2024-04-01 17:42:16.849 [main] LoggerLoad - ******************Execution of Get User Scenarios started
[INFO ] 2024-04-01 17:42:17.219 [main] LoggerLoad - ********Admin Enters valid Username and Passowrd for Authentication*
[INFO ] 2024-04-01 17:42:17.693 [main] LoggerLoad - ***************** Admin has logged in Successfully*
[INFO ] 2024-04-01 17:42:17.693 [main] LoggerLoad - ******************Execution of Get User Scenarios started
[INFO ] 2024-04-01 17:42:18.079 [main] LoggerLoad - ********Admin Enters valid Username and Passowrd for Authentication*
[INFO ] 2024-04-01 17:42:18.539 [main] LoggerLoad - ***************** Admin has logged in Successfully*
[INFO ] 2024-04-01 17:42:18.540 [main] LoggerLoad - ******************Execution of Get User Scenarios started
[INFO ] 2024-04-01 17:42:18.918 [main] LoggerLoad - ********Admin Enters valid Username and Passowrd for Authentication*
[INFO ] 2024-04-01 17:42:19.405 [main] LoggerLoad - ***************** Admin has logged in Successfully*
[INFO ] 2024-04-01 17:42:19.406 [main] LoggerLoad - ******************Execution of Get User Scenarios started
[INFO ] 2024-04-01 17:42:19.777 [main] LoggerLoad - ********Admin Enters valid Username and Passowrd for Authentication*
[INFO ] 2024-04-01 17:42:20.248 [main] LoggerLoad - ***************** Admin has logged in Successfully*
[INFO ] 2024-04-01 17:42:20.631 [main] LoggerLoad - ********Admin Enters valid Username and Passowrd for Authentication*
[INFO ] 2024-04-01 17:42:21.105 [main] LoggerLoad - ***************** Admin has logged in Successfully*
[INFO ] 2024-04-01 17:42:21.488 [main] LoggerLoad - ********Admin Enters valid Username and Passowrd for Authentication*
[INFO ] 2024-04-01 17:42:21.993 [main] LoggerLoad - ***************** Admin has logged in Successfully*
[INFO ] 2024-04-01 17:42:22.409 [main] LoggerLoad - ********Admin Enters valid Username and Passowrd for Authentication*
[INFO ] 2024-04-01 17:42:22.892 [main] LoggerLoad - ***************** Admin has logged in Successfully*
[INFO ] 2024-04-01 17:42:23.453 [main] LoggerLoad - ********Admin Enters valid Username and Passowrd for Authentication*
[INFO ] 2024-04-01 17:42:23.925 [main] LoggerLoad - ***************** Admin has logged in Successfully*
[INFO ] 2024-04-01 17:42:25.048 [main] LoggerLoad - ********Admin Enters valid Username and Passowrd for Authentication*
[INFO ] 2024-04-01 17:42:25.541 [main] LoggerLoad - ***************** Admin has logged in Successfully*
[INFO ] 2024-04-01 17:42:26.028 [main] LoggerLoad - ********Admin Enters valid Username and Passowrd for Authentication*
[INFO ] 2024-04-01 17:42:26.503 [main] LoggerLoad - ***************** Admin has logged in Successfully*
[INFO ] 2024-04-01 17:42:26.990 [main] LoggerLoad - ********Admin Enters valid Username and Passowrd for Authentication*
[INFO ] 2024-04-01 17:42:27.474 [main] LoggerLoad - ***************** Admin has logged in Successfully*
[INFO ] 2024-04-01 17:42:27.474 [main] LoggerLoad - ******************Execution of Update User Role ID Scenario started
[INFO ] 2024-04-01 17:42:27.526 [main] LoggerLoad - Updating role status of User with role ID: U1601
[INFO ] 2024-04-01 17:42:27.932 [main] LoggerLoad - ********Admin Enters valid Username and Passowrd for Authentication*
[INFO ] 2024-04-01 17:42:28.401 [main] LoggerLoad - ***************** Admin has logged in Successfully*
[INFO ] 2024-04-01 17:42:28.403 [main] LoggerLoad - ******************Execution of Update User Role Status Scenario started
[INFO ] 2024-04-01 17:42:28.449 [main] LoggerLoad - Updating role status of User with role ID: U1601
[INFO ] 2024-04-01 17:42:28.854 [main] LoggerLoad - ********Admin Enters valid Username and Passowrd for Authentication*
[INFO ] 2024-04-01 17:42:29.340 [main] LoggerLoad - ***************** Admin has logged in Successfully*
[INFO ] 2024-04-01 17:42:29.341 [main] LoggerLoad - Execution of Valid Delete for PrgmBatchStatus Scenarios started
[INFO ] 2024-04-01 17:42:29.739 [main] LoggerLoad - ********Admin Enters valid Username and Passowrd for Authentication*
[INFO ] 2024-04-01 17:42:30.235 [main] LoggerLoad - ***************** Admin has logged in Successfully*
[INFO ] 2024-04-01 17:42:30.638 [main] LoggerLoad - ********Admin Enters valid Username and Passowrd for Authentication*
[INFO ] 2024-04-01 17:42:31.121 [main] LoggerLoad - ***************** Admin has logged in Successfully*
[INFO ] 2024-04-01 17:42:31.122 [main] LoggerLoad - ******************Execution of Delete Batch Scenario started
[INFO ] 2024-04-01 17:42:31.123 [main] LoggerLoad - Batch ID that is being deleted is: 9825
[INFO ] 2024-04-01 17:42:31.517 [main] LoggerLoad - ********Admin Enters valid Username and Passowrd for Authentication*
[INFO ] 2024-04-01 17:42:32.001 [main] LoggerLoad - ***************** Admin has logged in Successfully*
[INFO ] 2024-04-01 17:42:32.001 [main] LoggerLoad - ******************Execution of Delete Program by ID Scenarios started
[INFO ] 2024-04-01 17:42:32.397 [main] LoggerLoad - ********Admin Enters valid Username and Passowrd for Authentication*
[INFO ] 2024-04-01 17:42:32.881 [main] LoggerLoad - ***************** Admin has logged in Successfully*
[INFO ] 2024-04-01 17:42:32.881 [main] LoggerLoad - ******************Execution of Delete Program by Name Scenarios started
[INFO ] 2024-04-01 17:42:33.259 [main] LoggerLoad - ********Admin Enters valid Username and Passowrd for Authentication*
[INFO ] 2024-04-01 17:42:33.757 [main] LoggerLoad - ***************** Admin has logged in Successfully*
[INFO ] 2024-04-01 17:52:42.018 [main] LoggerLoad - ***************** Admin has logged in Successfully*
[INFO ] 2024-04-01 17:53:47.755 [main] LoggerLoad - ***************** Admin has logged in Successfully*
[INFO ] 2024-04-01 17:54:46.807 [main] LoggerLoad - ***************** Admin has logged in Successfully*
[INFO ] 2024-04-01 17:56:41.755 [main] LoggerLoad - ***************** Admin has logged in Successfully*
[INFO ] 2024-04-01 18:01:19.623 [main] LoggerLoad - ***************** Admin has logged in Successfully*
[INFO ] 2024-04-01 18:24:17.680 [main] LoggerLoad - ***************** Admin has logged in Successfully*
[INFO ] 2024-04-01 18:24:21.978 [main] LoggerLoad - ***************** Admin has logged in Successfully*
[INFO ] 2024-04-01 18:28:45.874 [main] LoggerLoad - ***************** Admin has logged in Successfully*
[INFO ] 2024-04-01 18:28:49.845 [main] LoggerLoad - ***************** Admin has logged in Successfully*
[INFO ] 2024-04-01 18:36:32.122 [main] LoggerLoad - ***************** Admin has logged in Successfully*
[INFO ] 2024-04-01 18:36:36.014 [main] LoggerLoad - ***************** Admin has logged in Successfully*
[INFO ] 2024-04-01 18:39:27.664 [main] LoggerLoad - ***************** Admin has logged in Successfully*
[INFO ] 2024-04-01 18:39:31.963 [main] LoggerLoad - ***************** Admin has logged in Successfully*
[INFO ] 2024-04-01 18:41:26.569 [main] LoggerLoad - ***************** Admin has logged in Successfully*
[INFO ] 2024-04-01 18:41:30.724 [main] LoggerLoad - ***************** Admin has logged in Successfully*
[INFO ] 2024-04-01 18:43:39.702 [main] LoggerLoad - ***************** Admin has logged in Successfully*
[INFO ] 2024-04-01 18:43:43.668 [main] LoggerLoad - ***************** Admin has logged in Successfully*
